2021-07-10 14:23:51,984 [INFO] Activator:170 - 


2021-07-10 14:23:51,992 [INFO] Activator:171 - !SESSION log4j initialized
2021-07-10 14:26:03,847 [INFO] McuFinderGlobals:39 - Set McuFinder mode to 2 (CubeIDE integrated)
2021-07-10 14:26:04,158 [INFO] ApplicationProperties:181 - Using Application install path: C:\ST\STM32CubeIDE_1.6.1\STM32CubeIDE\plugins\com.st.stm32cube.common.mx_6.2.1.202103241236
2021-07-10 14:26:04,174 [INFO] DbMcusXml:74 - Set database path to: C:\ST\STM32CubeIDE_1.6.1\STM32CubeIDE\plugins\com.st.stm32cube.common.mx_6.2.1.202103241236\\db\/mcu/
2021-07-10 14:26:04,182 [INFO] DbBoardsPdsc:56 - Set plugin database path to: C:\ST\STM32CubeIDE_1.6.1\STM32CubeIDE\plugins\com.st.stm32cube.common.mx_6.2.1.202103241236\\db\/plugins/boardmanager/
2021-07-10 14:26:04,193 [INFO] DbMcus:258 - Set plugin images path to: C:\ST\STM32CubeIDE_1.6.1\STM32CubeIDE\plugins\com.st.stm32cube.common.mx_6.2.1.202103241236\\db\/plugins/mcufinder/images/
2021-07-10 14:26:04,193 [INFO] DbBoards:264 - Set plugin images path to: C:\ST\STM32CubeIDE_1.6.1\STM32CubeIDE\plugins\com.st.stm32cube.common.mx_6.2.1.202103241236\\db\/plugins/mcufinder/images/
2021-07-10 14:26:04,193 [INFO] DbExamples:333 - Set plugin images path to: C:\ST\STM32CubeIDE_1.6.1\STM32CubeIDE\plugins\com.st.stm32cube.common.mx_6.2.1.202103241236\\db\/plugins/mcufinder/images/
2021-07-10 14:26:04,201 [INFO] DbMcusAds:85 - Set database path to: C:\Users\haihv\.stmcufinder\plugins\mcufinder//mcu/
2021-07-10 14:26:04,201 [INFO] DbMcusDocs:110 - Set database path to: C:\Users\haihv\.stmcufinder\plugins\mcufinder//mcu/
2021-07-10 14:26:04,209 [INFO] DbMcusJson:65 - Set database path to: C:\Users\haihv\.stmcufinder\plugins\mcufinder//mcu/
2021-07-10 14:26:04,209 [INFO] DbBoardsDocs:110 - Set database path to: C:\Users\haihv\.stmcufinder\plugins\mcufinder//mcu/
2021-07-10 14:26:04,209 [INFO] DbBoardsJson:58 - Set database path to: C:\Users\haihv\.stmcufinder\plugins\mcufinder//mcu/
2021-07-10 14:26:08,370 [INFO] CrossReferenceDbSqlite:196 - Set database path to: C:\Users\haihv\.stmcufinder\plugins\mcufinder//mcu/cs/
2021-07-10 14:26:08,370 [INFO] DbExamplesSqlite:690 - Set database path to: C:\Users\haihv\.stmcufinder\plugins\mcufinder//mcu/
2021-07-10 14:26:08,546 [INFO] RulesReader:52 - Compatibility file has been processed (237 Rules)
2021-07-10 14:26:08,679 [INFO] MicroXplorer:622 - Detected Java Version = 11.0.9.1
2021-07-10 14:26:08,687 [INFO] DbMcusXml:74 - Set database path to: C:\ST\STM32CubeIDE_1.6.1\STM32CubeIDE\plugins\com.st.stm32cube.common.mx_6.2.1.202103241236\\db\/mcu/
2021-07-10 14:26:08,687 [INFO] DbBoardsPdsc:56 - Set plugin database path to: C:\ST\STM32CubeIDE_1.6.1\STM32CubeIDE\plugins\com.st.stm32cube.common.mx_6.2.1.202103241236\\db\/plugins/boardmanager/
2021-07-10 14:26:08,687 [INFO] DbMcus:258 - Set plugin images path to: C:\ST\STM32CubeIDE_1.6.1\STM32CubeIDE\plugins\com.st.stm32cube.common.mx_6.2.1.202103241236\\db\/plugins/mcufinder/images/
2021-07-10 14:26:08,687 [INFO] DbBoards:264 - Set plugin images path to: C:\ST\STM32CubeIDE_1.6.1\STM32CubeIDE\plugins\com.st.stm32cube.common.mx_6.2.1.202103241236\\db\/plugins/mcufinder/images/
2021-07-10 14:26:08,687 [INFO] DbExamples:333 - Set plugin images path to: C:\ST\STM32CubeIDE_1.6.1\STM32CubeIDE\plugins\com.st.stm32cube.common.mx_6.2.1.202103241236\\db\/plugins/mcufinder/images/
2021-07-10 14:26:08,687 [WARN] DbFile:35 - Overriding database path with different value: C:\Users\haihv\.stmcufinder\plugins\mcufinder/ => C:\Users\haihv\.stmcufinder\plugins\mcufinder
2021-07-10 14:26:08,687 [INFO] DbMcusAds:85 - Set database path to: C:\Users\haihv\.stmcufinder\plugins\mcufinder//mcu/
2021-07-10 14:26:08,687 [WARN] DbFile:35 - Overriding database path with different value: C:\Users\haihv\.stmcufinder\plugins\mcufinder/ => C:\Users\haihv\.stmcufinder\plugins\mcufinder
2021-07-10 14:26:08,687 [INFO] DbMcusDocs:110 - Set database path to: C:\Users\haihv\.stmcufinder\plugins\mcufinder//mcu/
2021-07-10 14:26:08,687 [WARN] DbFile:35 - Overriding database path with different value: C:\Users\haihv\.stmcufinder\plugins\mcufinder/ => C:\Users\haihv\.stmcufinder\plugins\mcufinder
2021-07-10 14:26:08,687 [INFO] DbMcusJson:65 - Set database path to: C:\Users\haihv\.stmcufinder\plugins\mcufinder//mcu/
2021-07-10 14:26:08,687 [WARN] DbFile:35 - Overriding database path with different value: C:\Users\haihv\.stmcufinder\plugins\mcufinder/ => C:\Users\haihv\.stmcufinder\plugins\mcufinder
2021-07-10 14:26:08,687 [INFO] DbBoardsDocs:110 - Set database path to: C:\Users\haihv\.stmcufinder\plugins\mcufinder//mcu/
2021-07-10 14:26:08,687 [WARN] DbFile:35 - Overriding database path with different value: C:\Users\haihv\.stmcufinder\plugins\mcufinder/ => C:\Users\haihv\.stmcufinder\plugins\mcufinder
2021-07-10 14:26:08,687 [INFO] DbBoardsJson:58 - Set database path to: C:\Users\haihv\.stmcufinder\plugins\mcufinder//mcu/
2021-07-10 14:26:08,687 [WARN] DbFile:35 - Overriding database path with different value: C:\Users\haihv\.stmcufinder\plugins\mcufinder/ => C:\Users\haihv\.stmcufinder\plugins\mcufinder
2021-07-10 14:26:08,687 [WARN] DbFile:35 - Overriding database path with different value: C:\Users\haihv\.stmcufinder\plugins\mcufinder/ => C:\Users\haihv\.stmcufinder\plugins\mcufinder
2021-07-10 14:26:09,362 [INFO] CrossReferenceDbSqlite:196 - Set database path to: C:\Users\haihv\.stmcufinder\plugins\mcufinder//mcu/cs/
2021-07-10 14:26:09,362 [WARN] DbFile:35 - Overriding database path with different value: C:\Users\haihv\.stmcufinder\plugins\mcufinder/ => C:\Users\haihv\.stmcufinder\plugins\mcufinder
2021-07-10 14:26:09,362 [INFO] DbExamplesSqlite:690 - Set database path to: C:\Users\haihv\.stmcufinder\plugins\mcufinder//mcu/
2021-07-10 14:26:09,474 [INFO] MainPanel:204 - HeapMemory: 304087040
2021-07-10 14:26:09,571 [INFO] DbMcusXml:74 - Set database path to: C:\ST\STM32CubeIDE_1.6.1\STM32CubeIDE\plugins\com.st.stm32cube.common.mx_6.2.1.202103241236\\db\/mcu/
2021-07-10 14:26:09,571 [INFO] DbBoardsPdsc:56 - Set plugin database path to: C:\ST\STM32CubeIDE_1.6.1\STM32CubeIDE\plugins\com.st.stm32cube.common.mx_6.2.1.202103241236\\db\/plugins/boardmanager/
2021-07-10 14:26:09,571 [INFO] DbMcus:258 - Set plugin images path to: C:\ST\STM32CubeIDE_1.6.1\STM32CubeIDE\plugins\com.st.stm32cube.common.mx_6.2.1.202103241236\\db\/plugins/mcufinder/images/
2021-07-10 14:26:09,571 [INFO] DbBoards:264 - Set plugin images path to: C:\ST\STM32CubeIDE_1.6.1\STM32CubeIDE\plugins\com.st.stm32cube.common.mx_6.2.1.202103241236\\db\/plugins/mcufinder/images/
2021-07-10 14:26:09,571 [INFO] DbExamples:333 - Set plugin images path to: C:\ST\STM32CubeIDE_1.6.1\STM32CubeIDE\plugins\com.st.stm32cube.common.mx_6.2.1.202103241236\\db\/plugins/mcufinder/images/
2021-07-10 14:26:09,571 [WARN] DbFile:35 - Overriding database path with different value: C:\Users\haihv\.stmcufinder\plugins\mcufinder/ => C:\Users\haihv\.stmcufinder\plugins\mcufinder
2021-07-10 14:26:09,571 [INFO] DbMcusAds:85 - Set database path to: C:\Users\haihv\.stmcufinder\plugins\mcufinder//mcu/
2021-07-10 14:26:09,571 [WARN] DbFile:35 - Overriding database path with different value: C:\Users\haihv\.stmcufinder\plugins\mcufinder/ => C:\Users\haihv\.stmcufinder\plugins\mcufinder
2021-07-10 14:26:09,571 [INFO] DbMcusDocs:110 - Set database path to: C:\Users\haihv\.stmcufinder\plugins\mcufinder//mcu/
2021-07-10 14:26:09,571 [WARN] DbFile:35 - Overriding database path with different value: C:\Users\haihv\.stmcufinder\plugins\mcufinder/ => C:\Users\haihv\.stmcufinder\plugins\mcufinder
2021-07-10 14:26:09,571 [INFO] DbMcusJson:65 - Set database path to: C:\Users\haihv\.stmcufinder\plugins\mcufinder//mcu/
2021-07-10 14:26:09,571 [WARN] DbFile:35 - Overriding database path with different value: C:\Users\haihv\.stmcufinder\plugins\mcufinder/ => C:\Users\haihv\.stmcufinder\plugins\mcufinder
2021-07-10 14:26:09,571 [INFO] DbBoardsDocs:110 - Set database path to: C:\Users\haihv\.stmcufinder\plugins\mcufinder//mcu/
2021-07-10 14:26:09,571 [WARN] DbFile:35 - Overriding database path with different value: C:\Users\haihv\.stmcufinder\plugins\mcufinder/ => C:\Users\haihv\.stmcufinder\plugins\mcufinder
2021-07-10 14:26:09,571 [INFO] DbBoardsJson:58 - Set database path to: C:\Users\haihv\.stmcufinder\plugins\mcufinder//mcu/
2021-07-10 14:26:09,571 [WARN] DbFile:35 - Overriding database path with different value: C:\Users\haihv\.stmcufinder\plugins\mcufinder/ => C:\Users\haihv\.stmcufinder\plugins\mcufinder
2021-07-10 14:26:09,571 [WARN] DbFile:35 - Overriding database path with different value: C:\Users\haihv\.stmcufinder\plugins\mcufinder/ => C:\Users\haihv\.stmcufinder\plugins\mcufinder
2021-07-10 14:26:10,372 [INFO] CrossReferenceDbSqlite:196 - Set database path to: C:\Users\haihv\.stmcufinder\plugins\mcufinder//mcu/cs/
2021-07-10 14:26:10,372 [WARN] DbFile:35 - Overriding database path with different value: C:\Users\haihv\.stmcufinder\plugins\mcufinder/ => C:\Users\haihv\.stmcufinder\plugins\mcufinder
2021-07-10 14:26:10,372 [INFO] DbExamplesSqlite:690 - Set database path to: C:\Users\haihv\.stmcufinder\plugins\mcufinder//mcu/
2021-07-10 14:26:10,407 [INFO] ApplicationProperties:181 - Using Application install path: C:\ST\STM32CubeIDE_1.6.1\STM32CubeIDE\plugins\com.st.stm32cube.common.mx_6.2.1.202103241236
2021-07-10 14:26:10,407 [INFO] PluginManage:178 - Search for loadable plugins [exclusion list=, ]
2021-07-10 14:26:10,407 [INFO] PluginManage:292 - Check plugin analytics
2021-07-10 14:26:11,458 [INFO] AnalyticsPlugin:233 - Accepted Software Licenses: 
2021-07-10 14:26:11,458 [INFO] AnalyticsPlugin:235 - Accepted CMSIS Pack Licenses: 
2021-07-10 14:26:11,458 [INFO] AnalyticsPlugin:237 - Accepted Firmware Licenses: 
2021-07-10 14:26:11,458 [INFO] PluginManage:342 - Loaded plugin analytics (category:tool,tabindex:-1)
2021-07-10 14:26:11,458 [INFO] PluginManage:292 - Check plugin clock
2021-07-10 14:26:11,482 [INFO] PluginManage:342 - Loaded plugin clock (category:base,tabindex:2)
2021-07-10 14:26:11,482 [INFO] PluginManage:292 - Check plugin ddr
2021-07-10 14:26:11,482 [INFO] PluginManage:342 - Loaded plugin ddr (category:tool,tabindex:6)
2021-07-10 14:26:11,482 [INFO] PluginManage:292 - Check plugin filemanager
2021-07-10 14:26:11,682 [INFO] PluginManage:342 - Loaded plugin filemanager (category:base,tabindex:10)
2021-07-10 14:26:11,690 [INFO] PluginManage:292 - Check plugin ipmanager
2021-07-10 14:26:11,698 [INFO] PluginManage:342 - Loaded plugin ipmanager (category:base,tabindex:5)
2021-07-10 14:26:11,698 [INFO] PluginManage:292 - Check plugin pinoutandconfiguration
2021-07-10 14:26:11,714 [INFO] PluginManage:342 - Loaded plugin pinoutandconfiguration (category:base,tabindex:1)
2021-07-10 14:26:11,714 [INFO] PluginManage:292 - Check plugin pinoutconfig
2021-07-10 14:26:11,770 [INFO] PluginManage:342 - Loaded plugin pinoutconfig (category:base,tabindex:0)
2021-07-10 14:26:11,770 [INFO] PluginManage:292 - Check plugin power
2021-07-10 14:26:11,786 [INFO] PluginManage:342 - Loaded plugin power (category:power,tabindex:4)
2021-07-10 14:26:11,786 [INFO] PluginManage:292 - Check plugin projectmanager
2021-07-10 14:26:11,818 [INFO] PluginManage:342 - Loaded plugin projectmanager (category:projectmanager,tabindex:3)
2021-07-10 14:26:11,818 [INFO] PluginManage:292 - Check plugin thirdparty
2021-07-10 14:26:12,027 [INFO] PluginManage:342 - Loaded plugin thirdparty (category:base,tabindex:-1)
2021-07-10 14:26:12,027 [WARN] IntegrityCheckThread:59 - waiting for thirdparty lock release [integrity check]
2021-07-10 14:26:12,027 [INFO] PluginManage:292 - Check plugin tools
2021-07-10 14:26:12,027 [INFO] IntegrityCheckThread:61 - entering critical section [integrity check]
2021-07-10 14:26:12,027 [INFO] ThirdPartyUpdaterWithRetryManager:56 - Updater plugin not ready yet. [1/15]
2021-07-10 14:26:12,035 [INFO] PluginManage:342 - Loaded plugin tools (category:base,tabindex:7)
2021-07-10 14:26:12,035 [INFO] PluginManage:292 - Check plugin tutovideos
2021-07-10 14:26:12,347 [INFO] PluginManage:342 - Loaded plugin tutovideos (category:base,tabindex:-1)
2021-07-10 14:26:12,347 [INFO] PluginManage:292 - Check plugin updater
2021-07-10 14:26:12,363 [INFO] PluginManage:342 - Loaded plugin updater (category:base,tabindex:12)
2021-07-10 14:26:12,371 [INFO] PluginManage:265 - PluginManage : Loaded plugins [13]
2021-07-10 14:26:12,642 [INFO] PinOutPanel:1435 - setPackage(No Configuration,No Configuration)
2021-07-10 14:26:12,783 [INFO] IPUIPlugin:64 - create IPUIPlugin
2021-07-10 14:26:12,783 [INFO] PluginManager:203 - loadIPPluginJar : add adc
2021-07-10 14:26:12,791 [INFO] IPUIPlugin:64 - create IPUIPlugin
2021-07-10 14:26:12,791 [INFO] PluginManager:203 - loadIPPluginJar : add aes
2021-07-10 14:26:12,799 [INFO] IPUIPlugin:64 - create IPUIPlugin
2021-07-10 14:26:12,799 [INFO] PluginManager:203 - loadIPPluginJar : add can
2021-07-10 14:26:12,799 [INFO] IPUIPlugin:64 - create IPUIPlugin
2021-07-10 14:26:12,799 [INFO] PluginManager:203 - loadIPPluginJar : add comp
2021-07-10 14:26:12,807 [INFO] IPUIPlugin:64 - create IPUIPlugin
2021-07-10 14:26:12,807 [INFO] PluginManager:203 - loadIPPluginJar : add cryp
2021-07-10 14:26:12,807 [INFO] IPUIPlugin:64 - create IPUIPlugin
2021-07-10 14:26:12,807 [INFO] PluginManager:203 - loadIPPluginJar : add dfsdm
2021-07-10 14:26:12,815 [INFO] IPUIPlugin:64 - create IPUIPlugin
2021-07-10 14:26:12,815 [INFO] PluginManager:203 - loadIPPluginJar : add dma
2021-07-10 14:26:12,823 [INFO] IPUIPlugin:64 - create IPUIPlugin
2021-07-10 14:26:12,823 [INFO] PluginManager:203 - loadIPPluginJar : add fatfs
2021-07-10 14:26:12,831 [INFO] IPUIPlugin:64 - create IPUIPlugin
2021-07-10 14:26:12,831 [INFO] PluginManager:203 - loadIPPluginJar : add fmc
2021-07-10 14:26:12,840 [INFO] IPUIPlugin:64 - create IPUIPlugin
2021-07-10 14:26:12,840 [INFO] PluginManager:203 - loadIPPluginJar : add freertos
2021-07-10 14:26:12,840 [INFO] IPUIPlugin:64 - create IPUIPlugin
2021-07-10 14:26:12,840 [INFO] PluginManager:203 - loadIPPluginJar : add genericplugin
2021-07-10 14:26:12,849 [INFO] IPUIPlugin:64 - create IPUIPlugin
2021-07-10 14:26:12,849 [INFO] PluginManager:203 - loadIPPluginJar : add gfxmmu
2021-07-10 14:26:12,856 [INFO] IPUIPlugin:64 - create IPUIPlugin
2021-07-10 14:26:12,856 [INFO] PluginManager:203 - loadIPPluginJar : add gic
2021-07-10 14:26:12,864 [INFO] IPUIPlugin:64 - create IPUIPlugin
2021-07-10 14:26:12,864 [INFO] PluginManager:203 - loadIPPluginJar : add gpio
2021-07-10 14:26:12,864 [INFO] IPUIPlugin:64 - create IPUIPlugin
2021-07-10 14:26:12,864 [INFO] PluginManager:203 - loadIPPluginJar : add gtzc
2021-07-10 14:26:12,872 [INFO] IPUIPlugin:64 - create IPUIPlugin
2021-07-10 14:26:12,872 [INFO] PluginManager:203 - loadIPPluginJar : add hash
2021-07-10 14:26:12,872 [INFO] IPUIPlugin:64 - create IPUIPlugin
2021-07-10 14:26:12,872 [INFO] PluginManager:203 - loadIPPluginJar : add i2c
2021-07-10 14:26:12,880 [INFO] IPUIPlugin:64 - create IPUIPlugin
2021-07-10 14:26:12,880 [INFO] PluginManager:203 - loadIPPluginJar : add i2s
2021-07-10 14:26:12,888 [INFO] IPUIPlugin:64 - create IPUIPlugin
2021-07-10 14:26:12,888 [INFO] PluginManager:203 - loadIPPluginJar : add ipddr
2021-07-10 14:26:12,888 [INFO] IPUIPlugin:64 - create IPUIPlugin
2021-07-10 14:26:12,888 [INFO] PluginManager:203 - loadIPPluginJar : add lorawan
2021-07-10 14:26:12,896 [INFO] IPUIPlugin:64 - create IPUIPlugin
2021-07-10 14:26:12,896 [INFO] PluginManager:203 - loadIPPluginJar : add ltdc
2021-07-10 14:26:12,896 [INFO] IPUIPlugin:64 - create IPUIPlugin
2021-07-10 14:26:12,896 [INFO] PluginManager:203 - loadIPPluginJar : add mdma
2021-07-10 14:26:12,904 [INFO] IPUIPlugin:64 - create IPUIPlugin
2021-07-10 14:26:12,904 [INFO] PluginManager:203 - loadIPPluginJar : add nvic
2021-07-10 14:26:12,912 [INFO] IPUIPlugin:64 - create IPUIPlugin
2021-07-10 14:26:12,912 [INFO] PluginManager:203 - loadIPPluginJar : add opamp
2021-07-10 14:26:12,912 [INFO] IPUIPlugin:64 - create IPUIPlugin
2021-07-10 14:26:12,912 [INFO] PluginManager:203 - loadIPPluginJar : add openamp
2021-07-10 14:26:12,920 [INFO] IPUIPlugin:64 - create IPUIPlugin
2021-07-10 14:26:12,920 [INFO] PluginManager:203 - loadIPPluginJar : add pdm2pcm
2021-07-10 14:26:12,936 [INFO] IPUIPlugin:64 - create IPUIPlugin
2021-07-10 14:26:12,936 [INFO] PluginManager:203 - loadIPPluginJar : add plateformsettings
2021-07-10 14:26:12,945 [INFO] IPUIPlugin:64 - create IPUIPlugin
2021-07-10 14:26:12,945 [INFO] PluginManager:203 - loadIPPluginJar : add quadspi
2021-07-10 14:26:12,953 [INFO] IPUIPlugin:64 - create IPUIPlugin
2021-07-10 14:26:12,953 [INFO] PluginManager:203 - loadIPPluginJar : add resmgrutility
2021-07-10 14:26:12,953 [INFO] IPUIPlugin:64 - create IPUIPlugin
2021-07-10 14:26:12,953 [INFO] PluginManager:203 - loadIPPluginJar : add sai
2021-07-10 14:26:12,961 [INFO] IPUIPlugin:64 - create IPUIPlugin
2021-07-10 14:26:12,961 [INFO] PluginManager:203 - loadIPPluginJar : add spi
2021-07-10 14:26:12,969 [INFO] IPUIPlugin:64 - create IPUIPlugin
2021-07-10 14:26:12,969 [INFO] PluginManager:203 - loadIPPluginJar : add stm32_wpan
2021-07-10 14:26:12,969 [INFO] IPUIPlugin:64 - create IPUIPlugin
2021-07-10 14:26:12,969 [INFO] PluginManager:203 - loadIPPluginJar : add tim
2021-07-10 14:26:12,977 [INFO] IPUIPlugin:64 - create IPUIPlugin
2021-07-10 14:26:12,977 [INFO] PluginManager:203 - loadIPPluginJar : add touchsensing
2021-07-10 14:26:12,977 [INFO] IPUIPlugin:64 - create IPUIPlugin
2021-07-10 14:26:12,977 [INFO] PluginManager:203 - loadIPPluginJar : add tracer_emb
2021-07-10 14:26:12,985 [INFO] IPUIPlugin:64 - create IPUIPlugin
2021-07-10 14:26:12,985 [INFO] PluginManager:203 - loadIPPluginJar : add ts
2021-07-10 14:26:12,985 [INFO] IPUIPlugin:64 - create IPUIPlugin
2021-07-10 14:26:12,985 [INFO] PluginManager:203 - loadIPPluginJar : add tsc
2021-07-10 14:26:12,993 [INFO] IPUIPlugin:64 - create IPUIPlugin
2021-07-10 14:26:12,993 [INFO] PluginManager:203 - loadIPPluginJar : add ucpd
2021-07-10 14:26:12,993 [INFO] IPUIPlugin:64 - create IPUIPlugin
2021-07-10 14:26:12,993 [INFO] PluginManager:203 - loadIPPluginJar : add usart
2021-07-10 14:26:13,454 [FATAL] Updater:284 - Updater called before beeing initialized
2021-07-10 14:26:13,652 [FATAL] Updater:284 - Updater called before beeing initialized
2021-07-10 14:26:13,660 [INFO] DbMcusAds:132 - JSON generation date=Tue May 11 22:32:49 ICT 2021 (1620747169580)
2021-07-10 14:26:13,660 [FATAL] Updater:284 - Updater called before beeing initialized
2021-07-10 14:26:13,708 [WARN] DetailPanel:315 - Failed to get advertising image, set to default
2021-07-10 14:26:14,020 [FATAL] Updater:284 - Updater called before beeing initialized
2021-07-10 14:26:14,028 [FATAL] Updater:284 - Updater called before beeing initialized
2021-07-10 14:26:14,028 [FATAL] Updater:284 - Updater called before beeing initialized
2021-07-10 14:26:14,028 [WARN] DetailPanel:315 - Failed to get advertising image, set to default
2021-07-10 14:26:14,028 [FATAL] Updater:284 - Updater called before beeing initialized
2021-07-10 14:26:14,099 [FATAL] Updater:284 - Updater called before beeing initialized
2021-07-10 14:26:14,099 [WARN] ThirdParty:796 - waiting for thirdparty lock release [close project]
2021-07-10 14:26:15,034 [INFO] ThirdPartyUpdaterWithRetryManager:56 - Updater plugin not ready yet. [2/15]
2021-07-10 14:26:18,036 [FATAL] Updater:284 - Updater called before beeing initialized
2021-07-10 14:26:18,036 [ERROR] AbstractThirdPartyUpdaterManager:153 - class java.lang.Integer cannot be cast to class java.util.List (java.lang.Integer and java.util.List are in module java.base of loader 'bootstrap')
2021-07-10 14:26:18,036 [INFO] ThirdParty:900 - Integrity check success = false
2021-07-10 14:26:18,038 [INFO] IntegrityCheckThread:75 - exiting critical section [integrity check]
2021-07-10 14:26:18,038 [INFO] IntegrityCheckThread:78 - End integrity checks thread
2021-07-10 14:26:18,038 [INFO] ThirdParty:798 - entering critical section [close project]
2021-07-10 14:26:18,038 [INFO] ThirdParty:809 - exiting critical section [close project]
2021-07-10 14:26:18,038 [INFO] PinOutPanel:1435 - setPackage(No Configuration,No Configuration)
2021-07-10 14:26:18,046 [FATAL] Updater:284 - Updater called before beeing initialized
2021-07-10 14:26:18,054 [ERROR] Updater:1065 - MainUpdater not yet initialized. External WinMGr cannot be set.
2021-07-10 14:26:18,054 [INFO] Updater:1002 - Updater Version found : 6.2.1
2021-07-10 14:26:18,086 [INFO] ApplicationProperties:181 - Using Application install path: C:\ST\STM32CubeIDE_1.6.1\STM32CubeIDE\plugins\com.st.stm32cube.common.mx_6.2.1.202103241236
2021-07-10 14:26:18,574 [INFO] MainUpdater:2661 - connection check result : 10
2021-07-10 14:26:18,574 [INFO] MainUpdater:255 - Updater Check For Update Now.
2021-07-10 14:26:18,574 [INFO] MicroXplorer:472 - Change Database Version : DB.6.0.21
2021-07-10 14:26:18,630 [INFO] CheckServerUpdateThread:102 - End of CheckServer Thread
2021-07-10 14:26:18,702 [INFO] MainUpdater:2661 - connection check result : 10
2021-07-10 14:26:19,209 [INFO] CrossSelectorPresenter:1330 - Cross Selector saved comparison directory: C:\Users\haihv\.stmcufinder\plugins\mcufinder\mcu\cs_comparisons_mx
2021-07-10 14:26:19,217 [INFO] MultiScanPanel:200 - Auto-refresh data requested => check proxy status ongoing
2021-07-10 14:26:19,225 [INFO] FinderPluginLoader:87 - Searching for filters in installed packs
2021-07-10 14:26:19,226 [INFO] DbMcusXml:100 - Load MCU database from C:\ST\STM32CubeIDE_1.6.1\STM32CubeIDE\plugins\com.st.stm32cube.common.mx_6.2.1.202103241236\\db\/mcu/families.xml
2021-07-10 14:26:20,436 [INFO] DbMcusJson:94 - JSON generation date=Mon Jun 07 15:53:21 ICT 2021 (1623056001)
2021-07-10 14:26:21,396 [INFO] DbMcus:175 - Found 1906 MCUs (1866 are supported by CubeMX, 1866 are visible in CubeMX)
2021-07-10 14:26:21,396 [INFO] ApiDb:251 - Load user favorites file C:\Users\haihv/.stm32cubeide/favorites.mcus.txt: 0 item(s)
2021-07-10 14:26:21,404 [INFO] ApiDb:255 - User favorites MCUs=[]
2021-07-10 14:26:21,404 [INFO] DbMcus:187 - Set 0 / 0 favorites MCUs
2021-07-10 14:26:22,067 [WARN] DetailPanel:315 - Failed to get advertising image, set to default
2021-07-10 14:26:22,749 [INFO] DbBoardsPdsc:90 - Found 24 items
2021-07-10 14:26:22,757 [INFO] DbBoardsPdsc:90 - Found 9 items
2021-07-10 14:26:22,757 [INFO] DbBoardsPdsc:90 - Found 33 items
2021-07-10 14:26:22,766 [INFO] DbBoardsPdsc:90 - Found 1 items
2021-07-10 14:26:22,770 [INFO] DbBoardsPdsc:90 - Found 46 items
2021-07-10 14:26:22,778 [INFO] DbBoardsPdsc:90 - Found 41 items
2021-07-10 14:26:22,786 [INFO] DbBoardsPdsc:90 - Found 2 items
2021-07-10 14:26:22,786 [INFO] DbBoardsPdsc:90 - Found 5 items
2021-07-10 14:26:22,794 [WARN] DbBoardsPdsc:254 - Board NUCLEO-WB15CC: unknown feature type=, name=, username=Three user LEDs, n=1
2021-07-10 14:26:22,794 [WARN] DbBoardsPdsc:254 - Board NUCLEO-WB15CC: unknown feature type=, name=, username=One reset and three user push-buttons, n=1
2021-07-10 14:26:22,794 [WARN] DbBoardsPdsc:254 - Board NUCLEO-WB15CC: unknown feature type=, name=, username=Arduino Uno V3 expansion connector, n=1
2021-07-10 14:26:22,794 [WARN] DbBoardsPdsc:254 - Board NUCLEO-WB15CC: unknown feature type=, name=, username=ST morpho extension pin headers for full access to all STM32WB I/Os, n=1
2021-07-10 14:26:22,794 [WARN] DbBoardsPdsc:254 - Board NUCLEO-WB15CC: unknown feature type=, name=, username=Integrated PCB antenna and SMA connector footprint, n=1
2021-07-10 14:26:22,794 [WARN] DbBoardsPdsc:254 - Board NUCLEO-WB15CC: unknown feature type=, name=, username=Flexible power-supply options: ST-LINK, USB VBUS, or external sources, n=1
2021-07-10 14:26:22,794 [WARN] DbBoardsPdsc:254 - Board NUCLEO-WB15CC: unknown feature type=, name=, username=On-board footprint to mount a CR2032 battery socket, n=1
2021-07-10 14:26:22,794 [WARN] DbBoardsPdsc:254 - Board NUCLEO-WB15CC: unknown feature type=, name=, username=On-board ST-LINK/V2-1 debugger/programmer with USB re-enumeration capability: mass storage, Virtual COM port, and debug port, n=1
2021-07-10 14:26:22,794 [WARN] DbBoardsPdsc:254 - Board NUCLEO-WB15CC: unknown feature type=, name=, username=Comprehensive free software libraries and examples available with the STM32CubeWB MCU Package, n=1
2021-07-10 14:26:22,794 [WARN] DbBoardsPdsc:254 - Board NUCLEO-WB15CC: unknown feature type=, name=, username=Support of a wide choice of Integrated Development Environments (IDEs) including IAR Embedded Workbench, MDK-ARM, STM32CubeIDE, and Mbed Studio, n=1
2021-07-10 14:26:22,794 [WARN] DbBoardsPdsc:254 - Board STM32H7B3I-DK: unknown feature type=Audio, name=, username=Audio stereo codec with Headphone Amp (CS42L51-CNZ), n=1
2021-07-10 14:26:22,794 [WARN] DbBoardsPdsc:254 - Board STM32H735G-DK: unknown feature type=Audio, name=, username=Audio stereo codec with Headphone Amp (WM8994ECS/R), n=1
2021-07-10 14:26:22,794 [WARN] DbBoardsPdsc:254 - Board STM32WB5MM-DK: unknown feature type=, name=, username=Time-of-Flight and gesture-detection sensor, n=1
2021-07-10 14:26:22,794 [WARN] DbBoardsPdsc:254 - Board STM32WB5MM-DK: unknown feature type=, name=, username=3 push-buttons (2 users and 1 reset) and 1 touch key button, n=1
2021-07-10 14:26:22,794 [WARN] DbBoardsPdsc:254 - Board STM32WB5MM-DK: unknown feature type=, name=, username=Flexible power-supply options: ST-LINK/V2-1 USB connector, 5 V delivered by ARDUINO® or external connector, USB charger, or USB power, n=1
2021-07-10 14:26:22,794 [WARN] DbBoardsPdsc:254 - Board STM32WB5MM-DK: unknown feature type=, name=, username=On-board ST-LINK/V2-1 debugger/programmer with USB re-enumeration capability: Virtual COM port and debug port, n=1
2021-07-10 14:26:22,794 [WARN] DbBoardsPdsc:254 - Board STM32WB5MM-DK: unknown feature type=, name=, username=Comprehensive free software libraries and examples available with the STM32CubeWB MCU Package, n=1
2021-07-10 14:26:22,794 [WARN] DbBoardsPdsc:254 - Board STM32WB5MM-DK: unknown feature type=, name=, username=Support of a wide choice of Integrated Development Environments (IDEs) including IAR Embedded Workbench®, MDK-ARM, and STM32CubeIDE, n=1
2021-07-10 14:26:22,794 [WARN] DbBoardsPdsc:254 - Board STM32H7B3I-EVAL: unknown feature type=Audio, name=, username=Multi-Channel Audio Codec (CS42L51-CNZ), n=1
2021-07-10 14:26:22,794 [WARN] DbBoardsPdsc:254 - Board STM32H7B3I-EVAL: unknown feature type=Meter, name=, username=Power-metering and Temperature-monitoring with sigma-delta modulators, n=1
2021-07-10 14:26:22,794 [WARN] DbBoardsPdsc:254 - Board STM32H7B3I-EVAL: unknown feature type=Motor, name=, username=Motor Control, n=1
2021-07-10 14:26:22,818 [INFO] DbBoardsJson:87 - JSON generation date=Tue Jun 01 12:52:40 ICT 2021 (1622526760)
2021-07-10 14:26:22,826 [INFO] DbBoards:117 - Found 161 boards (158 are supported by CubeMX)
2021-07-10 14:26:22,842 [INFO] DbBoardsDocs:143 - JSON generation date=Tue Jun 01 12:52:40 ICT 2021 (1622526760)
2021-07-10 14:26:22,874 [INFO] DbBoardsDocs:79 - Found 193 boards documents
2021-07-10 14:26:22,874 [WARN] DbBoards:127 - board B-L462E-CELL1 has no document id list !
2021-07-10 14:26:22,875 [WARN] DbBoards:127 - board B-L475E-IOT01A2 has no document id list !
2021-07-10 14:26:22,875 [WARN] DbBoards:127 - board NUCLEO-G0B1RE has no document id list !
2021-07-10 14:26:22,875 [WARN] DbBoards:127 - board NUCLEO-H743ZI has no document id list !
2021-07-10 14:26:22,875 [WARN] DbBoards:127 - board NUCLEO-L4A6ZG has no document id list !
2021-07-10 14:26:22,875 [WARN] DbBoards:127 - board NUCLEO-WB15CC has no document id list !
2021-07-10 14:26:22,875 [WARN] DbBoards:127 - board NUCLEO-WB55RG has no document id list !
2021-07-10 14:26:22,875 [WARN] DbBoards:127 - board NUCLEO-WL55JC2 has no document id list !
2021-07-10 14:26:22,875 [WARN] DbBoards:127 - board P-NUCLEO-WB55-Nucleo has no document id list !
2021-07-10 14:26:22,875 [WARN] DbBoards:127 - board P-NUCLEO-WB55-USBDongle has no document id list !
2021-07-10 14:26:22,875 [WARN] DbBoards:127 - board STEVAL-BFA001V1B has no document id list !
2021-07-10 14:26:22,875 [WARN] DbBoards:127 - board STEVAL-BFA001V2B has no document id list !
2021-07-10 14:26:22,875 [WARN] DbBoards:127 - board STEVAL-IDP005V1 has no document id list !
2021-07-10 14:26:22,875 [WARN] DbBoards:127 - board STEVAL-IDP005V2 has no document id list !
2021-07-10 14:26:22,875 [WARN] DbBoards:127 - board STEVAL-MKSBOX1V1 has no document id list !
2021-07-10 14:26:22,875 [WARN] DbBoards:127 - board STEVAL-STWINKT1 has no document id list !
2021-07-10 14:26:22,875 [WARN] DbBoards:127 - board STEVAL-STWINKT1B has no document id list !
2021-07-10 14:26:22,875 [WARN] DbBoards:127 - board STM32F401C-DISCO has no document id list !
2021-07-10 14:26:22,875 [WARN] DbBoards:127 - board STM32F769I-DISC1 has no document id list !
2021-07-10 14:26:22,875 [WARN] DbBoards:127 - board STM32G0C1E-EV has no document id list !
2021-07-10 14:26:22,875 [WARN] DbBoards:127 - board STM32G474E-EVAL1 has no document id list !
2021-07-10 14:26:22,875 [WARN] DbBoards:127 - board STM32H743I-EVAL2 has no document id list !
2021-07-10 14:26:22,875 [WARN] DbBoards:127 - board STM32H747I-DISC1 has no document id list !
2021-07-10 14:26:22,875 [WARN] DbBoards:127 - board STM32H753I-EVAL2 has no document id list !
2021-07-10 14:26:22,875 [WARN] DbBoards:127 - board STM32L-DISCOVERY has no document id list !
2021-07-10 14:26:22,875 [WARN] DbBoards:127 - board STM32MP157A-DK1 has no document id list !
2021-07-10 14:26:22,875 [WARN] DbBoards:127 - board STM32MP157F-DK2 has no document id list !
2021-07-10 14:26:22,875 [WARN] DbBoards:127 - board STM32MP157F-EV1 has no document id list !
2021-07-10 14:26:22,884 [WARN] DbBoards:127 - board STM32WB5MM-DK has no document id list !
2021-07-10 14:26:25,187 [INFO] ApiDb:251 - Load user favorites file C:\Users\haihv/.stm32cubeide/favorites.boards.txt: 0 item(s)
2021-07-10 14:26:25,187 [INFO] ApiDb:255 - User favorites Boards=[]
2021-07-10 14:26:25,187 [INFO] DbBoards:206 - Set 0 / 0 favorites Boards
2021-07-10 14:26:36,059 [INFO] MultiScanPanel:200 - Auto-refresh data requested => check proxy status ongoing
2021-07-10 14:26:36,171 [WARN] DetailPanel:315 - Failed to get advertising image, set to default
2021-07-10 14:26:48,696 [INFO] BoardResultTable:554 - Mark Board NUCLEO-L476RG as favorite
2021-07-10 14:27:09,351 [INFO] MainUpdater:2661 - connection check result : 10
2021-07-10 14:27:09,359 [INFO] MainUpdater:2661 - connection check result : 10
2021-07-10 14:27:09,431 [INFO] MicroXplorer:442 - Change Database Path : 
2021-07-10 14:27:09,431 [INFO] MicroXplorer:472 - Change Database Version : DB.6.0.21
2021-07-10 14:27:09,431 [WARN] ThirdParty:796 - waiting for thirdparty lock release [close project]
2021-07-10 14:27:09,431 [INFO] ThirdParty:798 - entering critical section [close project]
2021-07-10 14:27:09,431 [INFO] ThirdParty:809 - exiting critical section [close project]
2021-07-10 14:27:09,439 [INFO] PinOutPanel:1435 - setPackage(No Configuration,No Configuration)
2021-07-10 14:27:09,439 [INFO] UtilMem:74 - Begin LoadConfig() Used Memory: 247498744 Bytes (438304768)
2021-07-10 14:27:09,439 [INFO] OpenFileManager:303 - Change cursor
2021-07-10 14:27:09,463 [WARN] IntegrityCheckThread:59 - waiting for thirdparty lock release [integrity check]
2021-07-10 14:27:09,463 [INFO] IntegrityCheckThread:61 - entering critical section [integrity check]
2021-07-10 14:27:09,615 [WARN] PackLoader:226 - Cannot read IP mode file for RoweBots.I-CUBE-UNISONRTOS.5.5.0-4
2021-07-10 14:27:09,655 [WARN] PackLoader:226 - Cannot read IP mode file for STMicroelectronics.X-CUBE-SFXS2LP1.3.0.0
2021-07-10 14:27:09,703 [WARN] PackLoader:226 - Cannot read IP mode file for STMicroelectronics.X-CUBE-SUBG2.4.1.0
2021-07-10 14:27:09,727 [WARN] PackLoader:226 - Cannot read IP mode file for STMicroelectronics.X-CUBE-EEPRMA1.3.0.0
2021-07-10 14:27:09,815 [WARN] PackLoader:226 - Cannot read IP mode file for SEGGER.I-CUBE-embOS.1.2.0
2021-07-10 14:27:09,930 [WARN] PackLoader:226 - Cannot read IP mode file for STMicroelectronics.X-CUBE-BLE1.6.2.0
2021-07-10 14:27:09,954 [WARN] PackLoader:226 - Cannot read IP mode file for STMicroelectronics.X-CUBE-NFC4.2.0.2
2021-07-10 14:27:09,978 [WARN] PackLoader:226 - Cannot read IP mode file for STMicroelectronics.X-CUBE-TOUCHGFX.4.17.0
2021-07-10 14:27:09,994 [WARN] PackLoader:226 - Cannot read IP mode file for STMicroelectronics.X-CUBE-BLE2.3.2.0
2021-07-10 14:27:10,026 [WARN] PackLoader:226 - Cannot read IP mode file for STMicroelectronics.X-CUBE-TOF1.1.0.0
2021-07-10 14:27:10,082 [WARN] PackLoader:226 - Cannot read IP mode file for STMicroelectronics.X-CUBE-AZRTOS-H7.1.0.0
2021-07-10 14:27:10,106 [WARN] PackLoader:226 - Cannot read IP mode file for STMicroelectronics.X-CUBE-AI.7.0.0
2021-07-10 14:27:10,178 [WARN] PackLoader:226 - Cannot read IP mode file for STMicroelectronics.X-CUBE-MEMS1.8.3.0
2021-07-10 14:27:10,391 [WARN] PackLoader:226 - Cannot read IP mode file for STMicroelectronics.X-CUBE-DISPLAY.1.0.0
2021-07-10 14:27:10,406 [WARN] PackLoader:226 - Cannot read IP mode file for STMicroelectronics.X-CUBE-ALGOBUILD.1.2.0
2021-07-10 14:27:10,423 [WARN] PackLoader:226 - Cannot read IP mode file for STMicroelectronics.X-CUBE-GNSS1.5.2.0
2021-07-10 14:27:10,446 [WARN] PackLoader:226 - Cannot read IP mode file for wolfSSL.I-CUBE-wolfSSL.4.7.0
2021-07-10 14:27:10,446 [INFO] ThirdParty:900 - Integrity check success = true
2021-07-10 14:27:10,446 [INFO] IntegrityCheckThread:75 - exiting critical section [integrity check]
2021-07-10 14:27:10,446 [INFO] IntegrityCheckThread:78 - End integrity checks thread
2021-07-10 14:27:14,847 [INFO] Context:587 - Trying to add GPIOservice into a context  which must be forbidden
2021-07-10 14:27:15,809 [INFO] Rule:214 - rule Rename Enabled to IBEACON is applicable
2021-07-10 14:27:15,809 [INFO] Rule:214 - rule GTZC_S instance for project manager is applicable
2021-07-10 14:27:15,809 [INFO] Rule:214 - rule GTZC_S instance for context M0+ is applicable
2021-07-10 14:27:15,809 [INFO] Rule:214 - rule GTZC_NS instance for context M4 is applicable
2021-07-10 14:27:15,809 [INFO] Rule:214 - rule GTZC_S instance value for IP GTZC is applicable
2021-07-10 14:27:15,809 [INFO] Rule:214 - rule GTZC_S instance for mcu.IP is applicable
2021-07-10 14:27:15,809 [INFO] Rule:214 - rule GTZC_S instance for mcu.Pin is applicable
2021-07-10 14:27:15,809 [INFO] Rule:214 - rule GTZC_S instance for VP is applicable
2021-07-10 14:27:15,809 [INFO] Rule:214 - rule GTZC_S instance for signal is applicable
2021-07-10 14:27:15,809 [INFO] Rule:214 - rule GTZC_S instance for mcu is applicable
2021-07-10 14:27:15,809 [INFO] Rule:214 - rule GTZC_S instance for mcu.Pin is applicable
2021-07-10 14:27:15,809 [INFO] Rule:214 - rule GTZC_S instance value for IP GTZC is applicable
2021-07-10 14:27:15,809 [INFO] Rule:214 - rule GTZC_S instance for project manager is applicable
2021-07-10 14:27:15,809 [INFO] Rule:214 - rule GTZC_S instance for context M33S is applicable
2021-07-10 14:27:15,809 [INFO] Rule:214 - rule GTZC_S instance for VP is applicable
2021-07-10 14:27:15,809 [INFO] Rule:214 - rule GTZC_S instance for signal is applicable
2021-07-10 14:27:15,809 [INFO] Rule:214 - rule SPDIFRX instance for mcu is applicable
2021-07-10 14:27:15,809 [INFO] Rule:214 - rule Rename Tracer Mode is applicable
2021-07-10 14:27:15,809 [INFO] Rule:214 - rule SPDIFRX instance value for IP SPDIFRX is applicable
2021-07-10 14:27:15,809 [INFO] Rule:214 - rule SPDIFRX instance for signal is applicable
2021-07-10 14:27:15,809 [INFO] Rule:214 - rule SPDIFRX instance for project manager is applicable
2021-07-10 14:27:15,809 [INFO] Rule:214 - rule SPDIFRX instance for project manager is applicable
2021-07-10 14:27:15,809 [INFO] Rule:214 - rule ADC Scan  fix with FW F7 is applicable
2021-07-10 14:27:15,809 [INFO] Rule:214 - rule ADC Scan  fix with FW F7 is applicable
2021-07-10 14:27:15,809 [INFO] Rule:214 - rule Add RTC Activate Clock Source is applicable
2021-07-10 14:27:15,809 [INFO] Rule:214 - rule Add RTC Activate Calendar 1 is applicable
2021-07-10 14:27:15,809 [INFO] Rule:214 - rule Add RTC Activate Calendar 2 is applicable
2021-07-10 14:27:15,809 [INFO] Rule:214 - rule Add RTC Activate Calendar 3 is applicable
2021-07-10 14:27:15,809 [INFO] Rule:214 - rule UART/USART TX Mode is applicable
2021-07-10 14:27:15,809 [INFO] Rule:214 - rule UART/USART RX Mode is applicable
2021-07-10 14:27:15,809 [INFO] Rule:214 - rule UART/USART RX TX Mode is applicable
2021-07-10 14:27:15,809 [INFO] Rule:214 - rule UART/USART PARITY NONE is applicable
2021-07-10 14:27:15,809 [INFO] Rule:214 - rule UART/USART PARITY EVEN is applicable
2021-07-10 14:27:15,809 [INFO] Rule:214 - rule UART/USART PARITY ODD is applicable
2021-07-10 14:27:15,809 [INFO] Rule:214 - rule USART StopBits 1 is applicable
2021-07-10 14:27:15,809 [INFO] Rule:214 - rule USART StopBits 2 is applicable
2021-07-10 14:27:15,809 [INFO] Rule:214 - rule USART StopBits 1.5 is applicable
2021-07-10 14:27:15,809 [INFO] Rule:214 - rule USART StopBits 0.5 is applicable
2021-07-10 14:27:15,809 [INFO] Rule:214 - rule UART/USART WORD LENGTH 7 is applicable
2021-07-10 14:27:15,809 [INFO] Rule:214 - rule UART/USART WORD LENGTH 8 is applicable
2021-07-10 14:27:15,809 [INFO] Rule:214 - rule UART/USART WORD LENGTH 9 is applicable
2021-07-10 14:27:15,809 [INFO] Rule:214 - rule Rename FMC NAND NCE signal is applicable
2021-07-10 14:27:15,809 [INFO] Rule:214 - rule Rename FMC NAND INT signal is applicable
2021-07-10 14:27:15,817 [INFO] Rule:214 - rule Change Default Value for ADC ExternalTrigConv L4 family is applicable
2021-07-10 14:27:15,817 [INFO] Rule:214 - rule Change Default Value for ADC ExternalTrigInjecConv L4 family is applicable
2021-07-10 14:27:15,817 [INFO] Rule:214 - rule Change Default Value for ADC ExternalTrigConv F3 family is applicable
2021-07-10 14:27:15,817 [INFO] Rule:214 - rule Change Default Value for ADC ExternalTrigInjecConv F3 family is applicable
2021-07-10 14:27:15,817 [INFO] Rule:214 - rule Change Default Value for ADC ExternalTrigConv Goldfish serie is applicable
2021-07-10 14:27:15,817 [INFO] Rule:214 - rule Change Default Value for ADC ExternalTrigInjecConv Goldfish serie is applicable
2021-07-10 14:27:15,817 [INFO] Rule:214 - rule Change Default Value for ADC ExternalTrigConv L0 family is applicable
2021-07-10 14:27:15,817 [INFO] Rule:214 - rule Change Default Value for ADC ExternalTrigConv F0 family is applicable
2021-07-10 14:27:15,817 [INFO] Rule:214 - rule Change Default Value for ADC ExternalTrigConvn L1 family is applicable
2021-07-10 14:27:15,817 [INFO] Rule:214 - rule Change Default Value for ADC ExternalTrigInjecConv L1 family is applicable
2021-07-10 14:27:15,817 [INFO] Rule:214 - rule Change Default Value for ADC ExternalTrigConv F1 family is applicable
2021-07-10 14:27:15,817 [INFO] Rule:214 - rule Change Default Value for ADC ExternalTrigInjecConv F1 family is applicable
2021-07-10 14:27:15,817 [INFO] Rule:214 - rule Change Default Value for ADC ExternalTrigConv F7 family is applicable
2021-07-10 14:27:15,817 [INFO] Rule:214 - rule Change Default Value for ADC ExternalTrigInjecConv F7 family is applicable
2021-07-10 14:27:15,817 [INFO] Rule:214 - rule Change Default Value for ADC ExternalTrigConv F4 and F2 family is applicable
2021-07-10 14:27:15,817 [INFO] Rule:214 - rule Change Default Value for ADC ExternalTrigInjecConv F4 and F2 family is applicable
2021-07-10 14:27:15,817 [INFO] Rule:214 - rule ADC SamplingTime fix with FW L0  is applicable
2021-07-10 14:27:15,817 [INFO] Rule:214 - rule ADC SamplingTime fix with FW L0  is applicable
2021-07-10 14:27:15,817 [INFO] Rule:214 - rule ADC SamplingTime fix with FW L0 is applicable
2021-07-10 14:27:15,817 [INFO] Rule:214 - rule ADC SamplingTime fix with FW L0 is applicable
2021-07-10 14:27:15,817 [INFO] Rule:214 - rule ADC SamplingTime fix with FW L0  is applicable
2021-07-10 14:27:15,817 [INFO] Rule:214 - rule ADC SamplingTime fix with FW L0 is applicable
2021-07-10 14:27:15,817 [INFO] Rule:214 - rule Rename USB_OE Signal is applicable
2021-07-10 14:27:15,817 [INFO] Rule:214 - rule Rename Activate_OE Mode is applicable
2021-07-10 14:27:15,817 [INFO] Rule:214 - rule Rename DIE462/DIE415 pin PC14/OSC32_IN -> PC14-OSC32_IN (PC14) is applicable
2021-07-10 14:27:15,817 [INFO] Rule:214 - rule Rename DIE462/DIE415 pin PC15/OSC32_OUT -> PC15-OSC32_OUT (PC15) is applicable
2021-07-10 14:27:15,817 [INFO] Rule:214 - rule Rename DIE462/DIE415 pin PH0/OSC_IN -> PH0-OSC_IN (PH0) is applicable
2021-07-10 14:27:15,817 [INFO] Rule:214 - rule Rename DIE462/DIE415 pin PH1/OSC_OUT -> PH1-OSC_OUT (PH1) is applicable
2021-07-10 14:27:15,817 [INFO] Rule:214 - rule Rename DIE462 pin PA13 -> PA13 (JTMS/SWDIO) is applicable
2021-07-10 14:27:15,817 [INFO] Rule:214 - rule Rename DIE415 pin PA13 -> PA13 (JTMS/SWDIO) is applicable
2021-07-10 14:27:15,817 [INFO] Rule:214 - rule Rename DIE462 pin PA14 -> PA14 (JTCK/SWCLK) is applicable
2021-07-10 14:27:15,817 [INFO] Rule:214 - rule Rename DIE415 pin PA14 -> PA14 (JTCK/SWCLK) is applicable
2021-07-10 14:27:15,817 [INFO] Rule:214 - rule Rename DIE462/DIE415 pin PA15 -> PA15 (JTDI) is applicable
2021-07-10 14:27:15,817 [INFO] Rule:214 - rule Rename DIE462 pin PB3 -> PB3 (JTD0/TRACESWO) is applicable
2021-07-10 14:27:15,817 [INFO] Rule:214 - rule Rename DIE415 pin PB3 -> PB3 (JTD0-TRACESWO) is applicable
2021-07-10 14:27:15,817 [INFO] Rule:214 - rule Rename DIE462/DIE415 pin PB4 -> PB4 (NJTRST) is applicable
2021-07-10 14:27:15,817 [INFO] Rule:214 - rule Rename DIE462 pin PH3/BOOT0 -> PH3-BOOT0 (BOOT0) is applicable
2021-07-10 14:27:15,817 [INFO] Rule:214 - rule Rename CRYP DataEncryptionTypesList to Algorithm is applicable
2021-07-10 14:27:15,817 [INFO] Rule:214 - rule Rename AES DataEncryptionTypesList to Algorithm is applicable
2021-07-10 14:27:15,817 [INFO] Rule:214 - rule Rename TDESECB to CRYP_TDES_ECB is applicable
2021-07-10 14:27:15,817 [INFO] Rule:214 - rule Rename TDESCBC to CRYP_TDES_CBC is applicable
2021-07-10 14:27:15,817 [INFO] Rule:214 - rule Rename DESECB to CRYP_DES_ECB is applicable
2021-07-10 14:27:15,817 [INFO] Rule:214 - rule Rename DESCBC to CRYP_DES_CBC is applicable
2021-07-10 14:27:15,817 [INFO] Rule:214 - rule Rename AESECB to CRYP_AES_ECB is applicable
2021-07-10 14:27:15,817 [INFO] Rule:214 - rule Rename AESCBC to CRYP_AES_CBC is applicable
2021-07-10 14:27:15,817 [INFO] Rule:214 - rule Rename AESCTR to CRYP_AES_CTR is applicable
2021-07-10 14:27:15,817 [INFO] Rule:214 - rule Rename AESGCM to CRYP_AES_GCM is applicable
2021-07-10 14:27:15,817 [INFO] Rule:214 - rule Rename AESCCM to CRYP_AES_CCM is applicable
2021-07-10 14:27:15,817 [INFO] Rule:214 - rule Rename CAN TimeSeg1 to BS1 is applicable
2021-07-10 14:27:15,817 [INFO] Rule:214 - rule Rename CAN TimeSeg2 to BS2 is applicable
2021-07-10 14:27:15,817 [INFO] Rule:214 - rule Rename CAN SyncJumpWidth to SJW is applicable
2021-07-10 14:27:15,817 [INFO] Rule:214 - rule TimeTriggeredMode to TTCM is applicable
2021-07-10 14:27:15,817 [INFO] Rule:214 - rule Rename CAN AutoBusOff to ABOM is applicable
2021-07-10 14:27:15,817 [INFO] Rule:214 - rule Rename CAN AutoWakeUp to AWUM is applicable
2021-07-10 14:27:15,817 [INFO] Rule:214 - rule Rename CAN AutoRetransmission to NART is applicable
2021-07-10 14:27:15,817 [INFO] Rule:214 - rule Rename CAN ReceiveFifoLocked to RFLM is applicable
2021-07-10 14:27:15,817 [INFO] Rule:214 - rule Rename CAN TransmitFifoPriority to TXFP is applicable
2021-07-10 14:27:15,817 [INFO] Rule:214 - rule Rename HRTIMER HRTIM_OUTPUTFAULTLEVEL_HIGH in HRTIMER HRTIM_OUTPUTFAULTLEVEL_HIGHZ is applicable
2021-07-10 14:27:15,817 [INFO] Rule:214 - rule Rename TIMER TIM_CLEARINPUTSOURCE_OCREFCLR in  TIMER TIM_CLEARINPUTSOURCE_NONE for F7 family is applicable
2021-07-10 14:27:15,817 [INFO] Rule:214 - rule FDCAN_R1 - Rename FDCAN mode Master into Classic is applicable
2021-07-10 14:27:15,817 [INFO] Rule:214 - rule FDCAN_R2 - Rename FDCAN mode Slave into Classic is applicable
2021-07-10 14:27:15,817 [INFO] Rule:214 - rule FDCAN1_R3 - if PA10.Mode=FullDuplex, add Pin PA12 is applicable
2021-07-10 14:27:15,817 [INFO] Rule:214 - rule FDCAN1_R3 - if PA9.Mode=FullDuplex, add Pin PA11 is applicable
2021-07-10 14:27:15,817 [INFO] Rule:214 - rule FDCAN1_R3 - Alternatepin_1 - if PE1.Mode=FullDuplex, add Pin PB9 is applicable
2021-07-10 14:27:15,817 [INFO] Rule:214 - rule FDCAN1_R3 - Alternatepin_1 - if PE0.Mode=FullDuplex, add Pin PB8 is applicable
2021-07-10 14:27:15,825 [INFO] Rule:214 - rule FDCAN1_R3 - Alternatepin_2 - if PD5.Mode=FullDuplex, add Pin PD1 is applicable
2021-07-10 14:27:15,825 [INFO] Rule:214 - rule FDCAN1_R3 - Alternatepin_2 - if PD4.Mode=FullDuplex, add Pin PD0 is applicable
2021-07-10 14:27:15,825 [INFO] Rule:214 - rule FDCAN1_R4 - Rename Mode FullDuplex into Enable FDCAN_TXFD for pin PA10 is applicable
2021-07-10 14:27:15,825 [INFO] Rule:214 - rule FDCAN1_R4 - Rename Mode FullDuplex into Enable FDCAN_TXFD for pin PA9 is applicable
2021-07-10 14:27:15,825 [INFO] Rule:214 - rule FDCAN1_R4 - Alternatepin_1 - Rename Mode FullDuplex into Enable FDCAN_TXFD for pin PE1 is applicable
2021-07-10 14:27:15,825 [INFO] Rule:214 - rule FDCAN1_R4 - Alternatepin_1 - Rename Mode FullDuplex into Enable FDCAN_TXFD for pin PE0 is applicable
2021-07-10 14:27:15,825 [INFO] Rule:214 - rule FDCAN1_R4 - Alternatepin_2 - Rename Mode FullDuplex into Enable FDCAN_TXFD for pin PD5 is applicable
2021-07-10 14:27:15,825 [INFO] Rule:214 - rule FDCAN1_R4 - Alternatepin_2 - Rename Mode FullDuplex into Enable FDCAN_TXFD for pin PD4 is applicable
2021-07-10 14:27:15,825 [INFO] Rule:214 - rule FDCAN2_R3 - if PD10.Mode=FullDuplex, add Pin PB13 is applicable
2021-07-10 14:27:15,825 [INFO] Rule:214 - rule FDCAN2_R3 - if PD9.Mode=FullDuplex, add Pin PB12 is applicable
2021-07-10 14:27:15,825 [INFO] Rule:214 - rule FDCAN2_R3 - Alternatepin_1 - if PB7.Mode=FullDuplex, add Pin PB6 is applicable
2021-07-10 14:27:15,825 [INFO] Rule:214 - rule FDCAN2_R3 - Alternatepin_1 - if PD9.Mode=FullDuplex, add Pin PB12 is applicable
2021-07-10 14:27:15,825 [INFO] Rule:214 - rule FDCAN2_R4 - Rename Mode FullDuplex into Enable FDCAN_TXFD for pin PD10 is applicable
2021-07-10 14:27:15,825 [INFO] Rule:214 - rule FDCAN2_R4 - Rename Mode FullDuplex into Enable FDCAN_TXFD for pin PD9 is applicable
2021-07-10 14:27:15,825 [INFO] Rule:214 - rule FDCAN2_R4 - Alternatepin_1 - Rename Mode FullDuplex into Enable FDCAN_TXFD for pin PB7 is applicable
2021-07-10 14:27:15,825 [INFO] Rule:214 - rule FDCAN2_R4 - Alternatepin_1 - Rename Mode FullDuplex into Enable FDCAN_TXFD for pin PD6 is applicable
2021-07-10 14:27:15,825 [INFO] Rule:214 - rule USART TxPinLevelInvertParam Mode is applicable
2021-07-10 14:27:15,825 [INFO] Rule:214 - rule USART RxPinLevelInvertParam Mode is applicable
2021-07-10 14:27:15,825 [INFO] Rule:214 - rule USART DataInvertParam Mode is applicable
2021-07-10 14:27:15,825 [INFO] Rule:214 - rule USART SwapParam Mode is applicable
2021-07-10 14:27:15,825 [INFO] Rule:214 - rule USART OverrunDisableParam Mode is applicable
2021-07-10 14:27:15,825 [INFO] Rule:214 - rule USART DMADisableonRxErrorParam Mode is applicable
2021-07-10 14:27:15,825 [INFO] Rule:214 - rule USART MSBFirstParam Mode is applicable
2021-07-10 14:27:15,825 [INFO] Rule:214 - rule Update MwName for USB_DEVICE is applicable
2021-07-10 14:27:15,825 [INFO] Rule:214 - rule Change PWR_Regulator_Voltage_Scale Default Value for RCC  H7 family is applicable
2021-07-10 14:27:15,825 [INFO] Rule:214 - rule UART/USART IPParameter rename Prescaler parameter to ClockPrescaler is applicable
2021-07-10 14:27:15,825 [INFO] Rule:214 - rule UART/USART Prescaler rename Prescaler parameter to ClockPrescaler is applicable
2021-07-10 14:27:15,825 [INFO] Rule:214 - rule TIM1CLockSelection is applicable
2021-07-10 14:27:15,825 [INFO] Rule:214 - rule TIM15CLockSelection is applicable
2021-07-10 14:27:15,825 [INFO] Rule:214 - rule align RCC SDMMC3CLockSelection default value on MP1 is applicable
2021-07-10 14:27:15,825 [INFO] Rule:214 - rule align RCC SDMMC12CLockSelection default value on MP1 is applicable
2021-07-10 14:27:15,825 [INFO] Rule:214 - rule align RCC QSPICLockSelection default value on MP1 is applicable
2021-07-10 14:27:15,825 [INFO] Rule:214 - rule align RCC QSPICLockSelection default value on MP1 is applicable
2021-07-10 14:27:15,825 [INFO] Rule:214 - rule align RCC SPI6CLockSelection default value on MP1 is applicable
2021-07-10 14:27:15,825 [INFO] Rule:214 - rule align RCC LPTIM23CLockSelection default value on MP1 is applicable
2021-07-10 14:27:15,825 [INFO] Rule:214 - rule align RCC LPTIM1CLockSelection default value on MP1 is applicable
2021-07-10 14:27:15,825 [INFO] Rule:214 - rule align RCC USART1CLockSelection default value on MP1 is applicable
2021-07-10 14:27:15,825 [INFO] Rule:214 - rule align RCC USART24CLockSelection default value on MP1 is applicable
2021-07-10 14:27:15,825 [INFO] Rule:214 - rule align RCC USART6CLockSelection default value on MP1 is applicable
2021-07-10 14:27:15,825 [INFO] Rule:214 - rule align RCC UART78CLockSelection default value on MP1 is applicable
2021-07-10 14:27:15,825 [INFO] Rule:214 - rule align RCC USART35CLockSelection default value on MP1 is applicable
2021-07-10 14:27:15,825 [INFO] Rule:214 - rule align RCC SPI45CLockSelection default value on MP1 is applicable
2021-07-10 14:27:15,825 [INFO] Rule:214 - rule align RCC I2C46CLockSelection BCLK value on MP1 is applicable
2021-07-10 14:27:15,825 [INFO] Rule:214 - rule align RCC SPI45CLockSelection default value on MP1 is applicable
2021-07-10 14:27:15,825 [INFO] Rule:214 - rule align RCC I2C12CLockSelection default value on MP1 is applicable
2021-07-10 14:27:15,825 [INFO] Rule:214 - rule align RCC I2C35CLockSelection default value on MP1 is applicable
2021-07-10 14:27:15,825 [INFO] Rule:214 - rule align RCC LPTIM45CLockSelection default value on MP1 is applicable
2021-07-10 14:27:15,825 [INFO] Rule:214 - rule Rename DCMI PIXCK signal is applicable
2021-07-10 14:27:15,825 [INFO] Rule:214 - rule Change Default Value for I2C46CLockSelection MP1 family is applicable
2021-07-10 14:27:15,825 [INFO] Rule:214 - rule Change Default Value for UART for G4, G0 and WB families is applicable
2021-07-10 14:27:15,825 [INFO] Rule:214 - rule Change Default Value for USART for G4, G0 and WB families is applicable
2021-07-10 14:27:15,825 [INFO] Rule:214 - rule Change Default Value for USART for G4 family is applicable
2021-07-10 14:27:15,825 [INFO] Rule:214 - rule Change USART1CLockSelection refparam name for MP1 is applicable
2021-07-10 14:27:15,825 [INFO] Rule:214 - rule Change USART2CLockSelection refparam name for MP1 is applicable
2021-07-10 14:27:15,825 [INFO] Rule:214 - rule Change USART3CLockSelection refparam name for MP1 is applicable
2021-07-10 14:27:15,825 [INFO] Rule:214 - rule Change UART4CLockSelection refparam name for MP1 is applicable
2021-07-10 14:27:15,825 [INFO] Rule:214 - rule Change UART5CLockSelection refparam name for MP1 is applicable
2021-07-10 14:27:15,825 [INFO] Rule:214 - rule Change LPUART1CLockSelection refparam name for MP1 is applicable
2021-07-10 14:27:15,825 [INFO] Rule:214 - rule Change LPTIM1CLockSelection refparam name for MP1 is applicable
2021-07-10 14:27:15,825 [INFO] Rule:214 - rule Change LPTIM2CLockSelection refparam name for MP1 is applicable
2021-07-10 14:27:15,825 [INFO] Rule:214 - rule Change RCC_MCO1Source refparam name for MP1 is applicable
2021-07-10 14:27:15,825 [INFO] Rule:214 - rule Change LSCOSource1 refparam name for MP1 is applicable
2021-07-10 14:27:15,825 [INFO] Rule:214 - rule Change SMPSCLockSelection refparam name for MP1 is applicable
2021-07-10 14:27:15,825 [INFO] Rule:214 - rule Change LPTIM3CLockSelection refparam name for MP1 is applicable
2021-07-10 14:27:15,825 [INFO] Rule:214 - rule Change MPCBB* Default Template Mode to Parameters is applicable
2021-07-10 14:27:15,825 [INFO] Rule:214 - rule Change MPCWM* or MPCBB* Secure Mode to Parameters is applicable
2021-07-10 14:27:15,825 [INFO] Rule:214 - rule Change MPCWM* or MPCBB* No Secure Mode to Parameters is applicable
2021-07-10 14:27:15,825 [INFO] Rule:214 - rule Change TZSC IP Secure Mode to Parameters is applicable
2021-07-10 14:27:15,825 [INFO] Rule:214 - rule Change TZSC IP No Secure Mode to Parameters is applicable
2021-07-10 14:27:15,825 [INFO] Rule:214 - rule Change TZSC IP Privilege Mode to Parameters is applicable
2021-07-10 14:27:15,825 [INFO] Rule:214 - rule Change TZSC IP No Privilege Mode to Parameters is applicable
2021-07-10 14:27:15,825 [INFO] Rule:214 - rule Change TZIC IT Secure Mode to Parameters is applicable
2021-07-10 14:27:15,825 [INFO] Rule:214 - rule Change TZIC IT No Secure Mode to Parameters is applicable
2021-07-10 14:27:15,825 [INFO] Rule:214 - rule Add MPCBB1_NonSecureArea_Start_Address value with referenced to MPCBB1_NonSecureArea_Start value is applicable
2021-07-10 14:27:15,825 [INFO] Rule:214 - rule Add MPCBB2_NonSecureArea_Start_Address value with referenced to MPCBB2_NonSecureArea_Start value is applicable
2021-07-10 14:27:15,825 [INFO] Rule:214 - rule Add MPCWM1_NonSecureArea*_Start_Address value with referenced to MPCWM1_NonSecureArea*_Start value is applicable
2021-07-10 14:27:15,825 [INFO] Rule:214 - rule Add MPCWM2_NonSecureArea*_Start_Address value with referenced to MPCWM2_NonSecureArea*_Start value is applicable
2021-07-10 14:27:15,825 [INFO] Rule:214 - rule Add MPCWM3_NonSecureArea_Start_Address value with referenced to MPCWM3_NonSecureArea_Start value is applicable
2021-07-10 14:27:15,825 [INFO] Rule:214 - rule Change Default Value for PLL1UserDefinedConfig is applicable
2021-07-10 14:27:15,825 [INFO] Rule:214 - rule Change GPIO_PuPd Default Value for USART in async mode is applicable
2021-07-10 14:27:15,825 [INFO] Rule:214 - rule Change SMPSDivider Default Value is applicable
2021-07-10 14:27:15,833 [INFO] Rule:214 - rule OPAMP is applicable
2021-07-10 14:27:15,833 [INFO] Rule:214 - rule LPUART IPParameter rename Prescaler parameter to ClockPrescaler for STM32H7 is applicable
2021-07-10 14:27:15,833 [INFO] Rule:214 - rule LPUART IPParameter rename Prescaler parameter to ClockPrescaler for STM32H7 is applicable
2021-07-10 14:27:15,833 [INFO] Rule:214 - rule LPUART IPParameter rename Prescaler parameter to ClockPrescaler for STM32WB is applicable
2021-07-10 14:27:15,833 [INFO] Rule:214 - rule LPUART IPParameter rename Prescaler parameter to ClockPrescaler for STM32WB is applicable
2021-07-10 14:27:15,833 [INFO] Rule:214 - rule LPUART IPParameter rename Prescaler parameter to ClockPrescaler for STM32G4 is applicable
2021-07-10 14:27:15,833 [INFO] Rule:214 - rule LPUART IPParameter rename Prescaler parameter to ClockPrescaler for STM32G4 is applicable
2021-07-10 14:27:15,833 [INFO] Rule:214 - rule LPUART IPParameter rename Prescaler parameter to ClockPrescaler for STM32L5 is applicable
2021-07-10 14:27:15,833 [INFO] Rule:214 - rule LPUART IPParameter rename Prescaler parameter to ClockPrescaler for STM32G4 is applicable
2021-07-10 14:27:15,833 [INFO] Rule:214 - rule LPUART IPParameter rename Prescaler parameter to ClockPrescaler for STM32G4 is applicable
2021-07-10 14:27:15,833 [INFO] Rule:214 - rule USB device lib V2.5.3 for L0 rename USBD_SUPPORT_USER_STRING parameter to USBD_SUPPORT_USER_STRING_DESC4 is applicable
2021-07-10 14:27:15,833 [INFO] Rule:214 - rule I2SCLockSelection clock entry align is applicable
2021-07-10 14:27:15,833 [INFO] Rule:214 - rule Assign TIMx context if used as SYS timebase is applicable
2021-07-10 14:27:15,849 [INFO] DbConfProperties:294 - Apply Compatibility (46/202 Rules)
2021-07-10 14:27:15,891 [INFO] ImportTextPane:162 - (OptionalMessage_ERROR) Unable to find key (Mcu.ThirdPartyNb) in loaded IOC file
2021-07-10 14:27:16,083 [WARN] ApiManager:294 - Cannot register API 'Board Extension:S2868A1' from pack STMicroelectronics.X-CUBE-SFXS2LP1.3.0.0: no header file found
2021-07-10 14:27:16,083 [WARN] ApiManager:294 - Cannot register API 'Board Extension:S2868A2' from pack STMicroelectronics.X-CUBE-SFXS2LP1.3.0.0: no header file found
2021-07-10 14:27:16,083 [WARN] ApiManager:294 - Cannot register API 'Board Extension:S2915A1' from pack STMicroelectronics.X-CUBE-SFXS2LP1.3.0.0: no header file found
2021-07-10 14:27:16,091 [WARN] ModelIntegratedComponent:51 - No mode defined for component null
2021-07-10 14:27:16,091 [WARN] ModelIntegratedComponent:51 - No mode defined for component null
2021-07-10 14:27:16,091 [WARN] ModelIntegratedComponent:51 - No mode defined for component null
2021-07-10 14:27:16,091 [WARN] ModelIntegratedComponent:51 - No mode defined for component null
2021-07-10 14:27:16,091 [WARN] ModelIntegratedComponent:51 - No mode defined for component null
2021-07-10 14:27:16,091 [WARN] ModelIntegratedComponent:51 - No mode defined for component null
2021-07-10 14:27:16,091 [WARN] ModelIntegratedComponent:51 - No mode defined for component null
2021-07-10 14:27:16,091 [WARN] ModelIntegratedComponent:51 - No mode defined for component null
2021-07-10 14:27:16,099 [WARN] ModelIntegratedComponent:51 - No mode defined for component null
2021-07-10 14:27:16,099 [WARN] ModelIntegratedComponent:51 - No mode defined for component null
2021-07-10 14:27:16,099 [WARN] ModelIntegratedComponent:51 - No mode defined for component null
2021-07-10 14:27:16,099 [WARN] ModelIntegratedComponent:51 - No mode defined for component null
2021-07-10 14:27:16,099 [WARN] ModelIntegratedComponent:51 - No mode defined for component null
2021-07-10 14:27:16,099 [WARN] ModelIntegratedComponent:51 - No mode defined for component null
2021-07-10 14:27:16,099 [WARN] ModelIntegratedComponent:51 - No mode defined for component null
2021-07-10 14:27:16,099 [WARN] ModelIntegratedComponent:51 - No mode defined for component null
2021-07-10 14:27:16,099 [WARN] ModelIntegratedComponent:51 - No mode defined for component null
2021-07-10 14:27:16,099 [WARN] ModelIntegratedComponent:51 - No mode defined for component null
2021-07-10 14:27:16,099 [WARN] ModelIntegratedComponent:51 - No mode defined for component null
2021-07-10 14:27:16,099 [WARN] ModelIntegratedComponent:51 - No mode defined for component null
2021-07-10 14:27:16,099 [WARN] ModelIntegratedComponent:51 - No mode defined for component null
2021-07-10 14:27:16,099 [WARN] ModelIntegratedComponent:51 - No mode defined for component null
2021-07-10 14:27:16,099 [WARN] ModelIntegratedComponent:51 - No mode defined for component null
2021-07-10 14:27:16,099 [WARN] ModelIntegratedComponent:51 - No mode defined for component null
2021-07-10 14:27:16,099 [WARN] ModelIntegratedComponent:51 - No mode defined for component null
2021-07-10 14:27:16,099 [WARN] ModelIntegratedComponent:51 - No mode defined for component null
2021-07-10 14:27:16,099 [WARN] ModelIntegratedComponent:51 - No mode defined for component null
2021-07-10 14:27:16,123 [WARN] ApiManager:294 - Cannot register API 'Board Extension:S2868A1' from pack STMicroelectronics.X-CUBE-SUBG2.4.1.0: no header file found
2021-07-10 14:27:16,123 [WARN] ApiManager:294 - Cannot register API 'Board Extension:S2868A2' from pack STMicroelectronics.X-CUBE-SUBG2.4.1.0: no header file found
2021-07-10 14:27:16,123 [WARN] ApiManager:294 - Cannot register API 'Board Extension:S2915A1' from pack STMicroelectronics.X-CUBE-SUBG2.4.1.0: no header file found
2021-07-10 14:27:16,139 [WARN] ApiManager:294 - Cannot register API 'Board Extension:EEPRMA1' from pack STMicroelectronics.X-CUBE-EEPRMA1.3.0.0: no header file found
2021-07-10 14:27:16,139 [WARN] ApiManager:294 - Cannot register API 'Board Extension:EEPRMA2' from pack STMicroelectronics.X-CUBE-EEPRMA1.3.0.0: no header file found
2021-07-10 14:27:16,349 [WARN] ApiManager:294 - Cannot register API 'Board Extension:IKS01A3' from pack STMicroelectronics.X-CUBE-MEMS1.8.3.0: no header file found
2021-07-10 14:27:16,349 [WARN] ApiManager:294 - Cannot register API 'Board Extension:IKS01A2' from pack STMicroelectronics.X-CUBE-MEMS1.8.3.0: no header file found
2021-07-10 14:27:16,349 [WARN] ApiManager:294 - Cannot register API 'Board Extension:IKS02A1' from pack STMicroelectronics.X-CUBE-MEMS1.8.3.0: no header file found
2021-07-10 14:27:16,365 [INFO] RtosManager:470 - Registered RTOS mode: class=CMSIS, group=RTOS, mode=CMSIS_V1, owner=FREERTOS
2021-07-10 14:27:16,365 [INFO] RtosManager:470 - Registered RTOS mode: class=CMSIS, group=RTOS2, mode=CMSIS_V2, owner=FREERTOS
2021-07-10 14:27:16,365 [INFO] RtosManager:470 - Registered RTOS mode: class=RTOS, group=Core, mode=CMSIS_V1, owner=FREERTOS
2021-07-10 14:27:16,365 [INFO] RtosManager:470 - Registered RTOS mode: class=RTOS, group=Core, mode=CMSIS_V2, owner=FREERTOS
2021-07-10 14:27:16,365 [WARN] ModelIntegratedComponent:182 - Missing modes for component STMicroelectronics:FreeRTOS:0.0.1:STMicroelectronics:RTOS:FreeRTOS:Core:::10.2.0:
2021-07-10 14:27:16,373 [WARN] ApiManager:294 - Cannot register API 'Board Extension:GNSS1A1' from pack STMicroelectronics.X-CUBE-GNSS1.5.2.0: no header file found
2021-07-10 14:27:16,373 [WARN] ApiManager:294 - Cannot register API 'Board Support:Custom' from pack STMicroelectronics.X-CUBE-GNSS1.5.2.0: no header file found
2021-07-10 14:27:16,373 [WARN] ApiManager:294 - Cannot register API 'Data Exchange:lib_gnss' from pack STMicroelectronics.X-CUBE-GNSS1.5.2.0: no header file found
2021-07-10 14:27:16,373 [WARN] ApiManager:294 - Cannot register API 'Wireless:BlueNRG-MS' from pack STMicroelectronics.X-CUBE-BLE1.6.2.0: no header file found
2021-07-10 14:27:16,373 [WARN] ApiManager:294 - Cannot register API 'Board Extension:NFC04A1' from pack STMicroelectronics.X-CUBE-NFC4.2.0.2: no header file found
2021-07-10 14:27:16,381 [WARN] ApiManager:294 - Cannot register API 'Wireless:BlueNRG-2' from pack STMicroelectronics.X-CUBE-BLE2.3.2.0: no header file found
2021-07-10 14:27:16,969 [INFO] ImportTextPane:162 - (OptionalMessage_ERROR) IP (RCC) : Invalid parameter (FamilyName)
2021-07-10 14:27:16,969 [INFO] ImportTextPane:162 - (OptionalMessage_ERROR) IP (RCC) : Parameter (RNGFreq_Value) has invalid value (64000000)
2021-07-10 14:27:16,969 [INFO] ImportTextPane:162 - (OptionalMessage_ERROR) IP (RCC) : Parameter (SDMMCFreq_Value) has invalid value (64000000)
2021-07-10 14:27:16,969 [INFO] ImportTextPane:162 - (OptionalMessage_ERROR) IP (RCC) : Parameter (USBFreq_Value) has invalid value (64000000)
2021-07-10 14:27:17,450 [INFO] UtilMem:74 - End LoadConfig() Used Memory: 326432168 Bytes (438304768)
2021-07-10 14:27:17,458 [WARN] ThirdParty:762 - waiting for thirdparty lock release [change project]
2021-07-10 14:27:17,458 [INFO] ThirdParty:764 - entering critical section [change project]
2021-07-10 14:27:17,458 [INFO] ThirdParty:952 - CMSIS Pack Vendor :RoweBots I-CUBE-UNISONRTOS 5.5.0-4
2021-07-10 14:27:17,458 [INFO] ThirdParty:952 - CMSIS Pack Vendor :STMicroelectronics X-CUBE-SFXS2LP1 3.0.0
2021-07-10 14:27:17,458 [INFO] ThirdParty:952 - CMSIS Pack Vendor :STMicroelectronics USB_HOST 2.0.0
2021-07-10 14:27:17,458 [INFO] ThirdParty:952 - CMSIS Pack Vendor :STMicroelectronics USB_DEVICE 3.0.0
2021-07-10 14:27:17,458 [INFO] ThirdParty:952 - CMSIS Pack Vendor :STMicroelectronics HAL Drivers 0.0.0
2021-07-10 14:27:17,458 [INFO] ThirdParty:952 - CMSIS Pack Vendor :STMicroelectronics MBEDTLS 2.16.2
2021-07-10 14:27:17,458 [INFO] ThirdParty:952 - CMSIS Pack Vendor :STMicroelectronics MBEDTLS 2.14.1
2021-07-10 14:27:17,458 [INFO] ThirdParty:952 - CMSIS Pack Vendor :STMicroelectronics X-CUBE-SUBG2 4.1.0
2021-07-10 14:27:17,466 [INFO] ThirdParty:952 - CMSIS Pack Vendor :STMicroelectronics X-CUBE-TOF1 1.0.0
2021-07-10 14:27:17,466 [INFO] ThirdParty:952 - CMSIS Pack Vendor :STMicroelectronics X-CUBE-AZRTOS-H7 1.0.0
2021-07-10 14:27:17,466 [INFO] ThirdParty:952 - CMSIS Pack Vendor :STMicroelectronics USB_DEVICE 2.0.0
2021-07-10 14:27:17,466 [INFO] ThirdParty:952 - CMSIS Pack Vendor :STMicroelectronics X-CUBE-AI 7.0.0
2021-07-10 14:27:17,466 [INFO] ThirdParty:952 - CMSIS Pack Vendor :STMicroelectronics X-CUBE-EEPRMA1 3.0.0
2021-07-10 14:27:17,466 [INFO] ThirdParty:952 - CMSIS Pack Vendor :STMicroelectronics X-CUBE-MEMS1 8.3.0
2021-07-10 14:27:17,466 [INFO] ThirdParty:952 - CMSIS Pack Vendor :STMicroelectronics X-CUBE-DISPLAY 1.0.0
2021-07-10 14:27:17,466 [INFO] ThirdParty:952 - CMSIS Pack Vendor :STMicroelectronics FreeRTOS 0.0.1
2021-07-10 14:27:17,466 [INFO] ThirdParty:952 - CMSIS Pack Vendor :STMicroelectronics USB_DEVICE 1.0.0
2021-07-10 14:27:17,466 [INFO] ThirdParty:952 - CMSIS Pack Vendor :SEGGER I-CUBE-embOS 1.2.0
2021-07-10 14:27:17,466 [INFO] ThirdParty:952 - CMSIS Pack Vendor :STMicroelectronics X-CUBE-ALGOBUILD 1.2.0
2021-07-10 14:27:17,466 [INFO] ThirdParty:952 - CMSIS Pack Vendor :STMicroelectronics X-CUBE-GNSS1 5.2.0
2021-07-10 14:27:17,466 [INFO] ThirdParty:952 - CMSIS Pack Vendor :STMicroelectronics lwIP 2.0.3
2021-07-10 14:27:17,466 [INFO] ThirdParty:952 - CMSIS Pack Vendor :STMicroelectronics lwIP 2.1.2
2021-07-10 14:27:17,466 [INFO] ThirdParty:952 - CMSIS Pack Vendor :STMicroelectronics X-CUBE-BLE1 6.2.0
2021-07-10 14:27:17,466 [INFO] ThirdParty:952 - CMSIS Pack Vendor :STMicroelectronics USB_HOST 1.0.0
2021-07-10 14:27:17,466 [INFO] ThirdParty:952 - CMSIS Pack Vendor :STMicroelectronics X-CUBE-NFC4 2.0.2
2021-07-10 14:27:17,466 [INFO] ThirdParty:952 - CMSIS Pack Vendor :STMicroelectronics X-CUBE-TOUCHGFX 4.17.0
2021-07-10 14:27:17,466 [INFO] ThirdParty:952 - CMSIS Pack Vendor :wolfSSL I-CUBE-wolfSSL 4.7.0
2021-07-10 14:27:17,466 [INFO] ThirdParty:952 - CMSIS Pack Vendor :STMicroelectronics PDM2PCM 3.1.0
2021-07-10 14:27:17,466 [INFO] ThirdParty:952 - CMSIS Pack Vendor :STMicroelectronics PDM2PCM 3.2.0
2021-07-10 14:27:17,466 [INFO] ThirdParty:952 - CMSIS Pack Vendor :STMicroelectronics PDM2PCM 3.3.0
2021-07-10 14:27:17,466 [INFO] ThirdParty:952 - CMSIS Pack Vendor :STMicroelectronics X-CUBE-BLE2 3.2.0
2021-07-10 14:27:17,466 [INFO] ThirdParty:770 - exiting critical section [change project]
2021-07-10 14:27:18,118 [INFO] PinOutPanel:1435 - setPackage(No Configuration,No Configuration)
2021-07-10 14:27:18,126 [INFO] PinOutPanel:1435 - setPackage(STM32L476RGTx,LQFP64)
2021-07-10 14:27:19,261 [INFO] UtilMem:74 - Before build in PCC Used Memory: 318103656 Bytes (438304768)
2021-07-10 14:27:19,959 [INFO] SharedServices:72 - Folder for power plug-in: C:/Users/haihv/.stm32cubemx/plugins/power
2021-07-10 14:27:20,047 [INFO] SharedServices:72 - Folder for power plug-in: C:/Users/haihv/.stm32cubemx/plugins/power
2021-07-10 14:27:20,159 [INFO] SharedServices:72 - Folder for power plug-in: C:/Users/haihv/.stm32cubemx/plugins/power
2021-07-10 14:27:20,175 [INFO] SharedServices:72 - Folder for power plug-in: C:/Users/haihv/.stm32cubemx/plugins/power
2021-07-10 14:27:20,438 [INFO] UtilMem:74 - After build in PCC Used Memory: 299537112 Bytes (438304768)
2021-07-10 14:27:20,470 [INFO] IPUIPlugin:64 - create IPUIPlugin
2021-07-10 14:27:20,470 [INFO] IPUIPlugin:64 - create IPUIPlugin
2021-07-10 14:27:20,470 [INFO] IPUIPlugin:64 - create IPUIPlugin
2021-07-10 14:27:20,470 [INFO] IPUIPlugin:64 - create IPUIPlugin
2021-07-10 14:27:20,470 [INFO] IPUIPlugin:64 - create IPUIPlugin
2021-07-10 14:27:20,470 [INFO] IPUIPlugin:64 - create IPUIPlugin
2021-07-10 14:27:20,470 [INFO] IPUIPlugin:64 - create IPUIPlugin
2021-07-10 14:27:20,470 [INFO] IPUIPlugin:64 - create IPUIPlugin
2021-07-10 14:27:20,470 [INFO] IPUIPlugin:64 - create IPUIPlugin
2021-07-10 14:27:20,470 [INFO] IPUIPlugin:64 - create IPUIPlugin
2021-07-10 14:27:20,470 [INFO] IPUIPlugin:64 - create IPUIPlugin
2021-07-10 14:27:20,470 [INFO] IPUIPlugin:64 - create IPUIPlugin
2021-07-10 14:27:20,470 [INFO] IPUIPlugin:64 - create IPUIPlugin
2021-07-10 14:27:20,470 [INFO] IPUIPlugin:64 - create IPUIPlugin
2021-07-10 14:27:20,470 [INFO] IPUIPlugin:64 - create IPUIPlugin
2021-07-10 14:27:20,470 [INFO] IPUIPlugin:64 - create IPUIPlugin
2021-07-10 14:27:20,470 [INFO] IPUIPlugin:64 - create IPUIPlugin
2021-07-10 14:27:20,478 [INFO] IPUIPlugin:64 - create IPUIPlugin
2021-07-10 14:27:20,478 [INFO] IPUIPlugin:64 - create IPUIPlugin
2021-07-10 14:27:20,478 [INFO] IPUIPlugin:64 - create IPUIPlugin
2021-07-10 14:27:20,478 [INFO] IPUIPlugin:64 - create IPUIPlugin
2021-07-10 14:27:20,478 [INFO] IPUIPlugin:64 - create IPUIPlugin
2021-07-10 14:27:20,478 [INFO] IPUIPlugin:64 - create IPUIPlugin
2021-07-10 14:27:20,478 [INFO] IPUIPlugin:64 - create IPUIPlugin
2021-07-10 14:27:20,478 [INFO] IPUIPlugin:64 - create IPUIPlugin
2021-07-10 14:27:20,478 [INFO] IPUIPlugin:64 - create IPUIPlugin
2021-07-10 14:27:20,478 [INFO] IPUIPlugin:64 - create IPUIPlugin
2021-07-10 14:27:20,478 [INFO] IPUIPlugin:64 - create IPUIPlugin
2021-07-10 14:27:20,478 [INFO] IPUIPlugin:64 - create IPUIPlugin
2021-07-10 14:27:20,478 [INFO] IPUIPlugin:64 - create IPUIPlugin
2021-07-10 14:27:20,486 [INFO] IPUIPlugin:64 - create IPUIPlugin
2021-07-10 14:27:20,486 [INFO] IPUIPlugin:64 - create IPUIPlugin
2021-07-10 14:27:20,486 [INFO] IPUIPlugin:64 - create IPUIPlugin
2021-07-10 14:27:20,486 [INFO] IPUIPlugin:64 - create IPUIPlugin
2021-07-10 14:27:20,486 [INFO] IPUIPlugin:64 - create IPUIPlugin
2021-07-10 14:27:20,486 [INFO] IPUIPlugin:64 - create IPUIPlugin
2021-07-10 14:27:20,486 [INFO] IPUIPlugin:64 - create IPUIPlugin
2021-07-10 14:27:20,486 [INFO] IPUIPlugin:64 - create IPUIPlugin
2021-07-10 14:27:20,486 [INFO] IPUIPlugin:64 - create IPUIPlugin
2021-07-10 14:27:20,486 [INFO] IPUIPlugin:64 - create IPUIPlugin
2021-07-10 14:27:20,494 [INFO] IPUIPlugin:64 - create IPUIPlugin
2021-07-10 14:27:20,494 [INFO] IPUIPlugin:64 - create IPUIPlugin
2021-07-10 14:27:20,494 [INFO] IPUIPlugin:64 - create IPUIPlugin
2021-07-10 14:27:20,494 [INFO] IPUIPlugin:64 - create IPUIPlugin
2021-07-10 14:27:20,494 [INFO] IPUIPlugin:64 - create IPUIPlugin
2021-07-10 14:27:20,494 [INFO] IPUIPlugin:64 - create IPUIPlugin
2021-07-10 14:27:20,494 [INFO] IPUIPlugin:64 - create IPUIPlugin
2021-07-10 14:27:20,494 [INFO] IPUIPlugin:64 - create IPUIPlugin
2021-07-10 14:27:20,494 [INFO] IPUIPlugin:64 - create IPUIPlugin
2021-07-10 14:27:20,494 [INFO] IPUIPlugin:64 - create IPUIPlugin
2021-07-10 14:27:20,502 [INFO] IPUIPlugin:64 - create IPUIPlugin
2021-07-10 14:27:20,502 [INFO] IPUIPlugin:64 - create IPUIPlugin
2021-07-10 14:27:20,502 [INFO] IPUIPlugin:64 - create IPUIPlugin
2021-07-10 14:27:20,502 [INFO] IPUIPlugin:64 - create IPUIPlugin
2021-07-10 14:27:20,502 [INFO] IPUIPlugin:64 - create IPUIPlugin
2021-07-10 14:27:20,502 [INFO] IPUIPlugin:64 - create IPUIPlugin
2021-07-10 14:27:20,502 [INFO] IPUIPlugin:64 - create IPUIPlugin
2021-07-10 14:27:20,510 [INFO] IPUIPlugin:64 - create IPUIPlugin
2021-07-10 14:27:20,510 [INFO] IPUIPlugin:64 - create IPUIPlugin
2021-07-10 14:27:20,567 [INFO] LogOutputStream:76 - [STDOUT_REDIRECT] toolchainItems.length=====1
2021-07-10 14:27:20,687 [INFO] OpenFileManager:323 - Restore cursor
2021-07-10 14:27:21,290 [INFO] UtilMem:74 - End SaveConfig() Used Memory: 324387120 Bytes (438304768)
2021-07-10 14:27:25,391 [INFO] ServerAccessManage:348 - Download File stm32cube_fw_l4_v1170.zip
2021-07-10 14:28:45,293 [INFO] FileExtend:225 - Unzip File : stm32cube_fw_l4_v1170.zip
2021-07-10 14:28:45,293 [INFO] FileExtend:240 - Standard Zip Deflate
2021-07-10 14:29:41,909 [INFO] LoadServerPackagesThread:169 - End of LoadServerPackages Thread
2021-07-10 14:29:42,067 [INFO] UtilMem:74 - End SaveConfig() Used Memory: 354424896 Bytes (1073741824)
2021-07-10 14:29:42,292 [INFO] CheckServerUpdateThread:102 - End of CheckServer Thread
2021-07-10 14:29:42,512 [INFO] BlockDiagram:2735 - set Specific Code input for plugin: SYS
2021-07-10 14:29:42,512 [INFO] BlockDiagram:2735 - set Specific Code input for plugin: RCC
2021-07-10 14:29:42,512 [INFO] BlockDiagram:2735 - set Specific Code input for plugin: NVIC
2021-07-10 14:29:42,512 [INFO] BlockDiagram:2735 - set Specific Code input for plugin: USART
2021-07-10 14:29:42,512 [INFO] BlockDiagram:2735 - set Specific Code input for plugin: GPIO
2021-07-10 14:29:42,512 [INFO] CodeGenerator:641 - code generatio: config db path: C:\ST\STM32CubeIDE_1.6.1\STM32CubeIDE\plugins\com.st.stm32cube.common.mx_6.2.1.202103241236\\db\
2021-07-10 14:29:43,074 [INFO] CodeEngine:229 - oldGeneratedFile, D:\GitHub\STM32-RTOS\RTOS V1\MXTmpFiles\license.tmp_save
2021-07-10 14:29:43,409 [INFO] CodeEngine:247 - Generated code: D:\GitHub\STM32-RTOS\RTOS V1\MXTmpFiles\license.tmp
2021-07-10 14:29:43,552 [INFO] CodeEngine:229 - oldGeneratedFile, D:\GitHub\STM32-RTOS\RTOS V1\MXTmpFiles\gpio.tmp_save
2021-07-10 14:29:43,648 [INFO] CodeEngine:247 - Generated code: D:\GitHub\STM32-RTOS\RTOS V1\MXTmpFiles\gpio.tmp
2021-07-10 14:29:43,950 [INFO] LogOutputStream:76 - [STDOUT_REDIRECT] Command line
2021-07-10 14:29:43,974 [INFO] CodeEngine:229 - oldGeneratedFile, D:\GitHub\STM32-RTOS\RTOS V1\Core\Src\stm32l4xx_it.c_save
2021-07-10 14:29:44,091 [INFO] CodeEngine:247 - Generated code: D:\GitHub\STM32-RTOS\RTOS V1\Core\Src\stm32l4xx_it.c
2021-07-10 14:29:44,106 [INFO] CodeEngine:229 - oldGeneratedFile, D:\GitHub\STM32-RTOS\RTOS V1\Core\Inc\stm32l4xx_it.h_save
2021-07-10 14:29:44,184 [INFO] CodeEngine:247 - Generated code: D:\GitHub\STM32-RTOS\RTOS V1\Core\Inc\stm32l4xx_it.h
2021-07-10 14:29:44,192 [INFO] CodeEngine:229 - oldGeneratedFile, D:\GitHub\STM32-RTOS\RTOS V1\Core\Src\stm32l4xx_hal_msp.c_save
2021-07-10 14:29:44,323 [INFO] CodeEngine:247 - Generated code: D:\GitHub\STM32-RTOS\RTOS V1\Core\Src\stm32l4xx_hal_msp.c
2021-07-10 14:29:44,338 [INFO] CodeEngine:229 - oldGeneratedFile, D:\GitHub\STM32-RTOS\RTOS V1\MXTmpFiles\system.tmp_save
2021-07-10 14:29:44,385 [INFO] CodeEngine:247 - Generated code: D:\GitHub\STM32-RTOS\RTOS V1\MXTmpFiles\system.tmp
2021-07-10 14:29:44,409 [INFO] CodeEngine:229 - oldGeneratedFile, D:\GitHub\STM32-RTOS\RTOS V1\Core\Inc\stm32l4xx_hal_conf.h_save
2021-07-10 14:29:44,498 [INFO] CodeEngine:247 - Generated code: D:\GitHub\STM32-RTOS\RTOS V1\Core\Inc\stm32l4xx_hal_conf.h
2021-07-10 14:29:44,561 [INFO] CodeEngine:229 - oldGeneratedFile, D:\GitHub\STM32-RTOS\RTOS V1\Core\Inc\main.h_save
2021-07-10 14:29:44,649 [INFO] CodeEngine:247 - Generated code: D:\GitHub\STM32-RTOS\RTOS V1\Core\Inc\main.h
2021-07-10 14:29:44,657 [INFO] CodeEngine:229 - oldGeneratedFile, D:\GitHub\STM32-RTOS\RTOS V1\Core\Src\main.c_save
2021-07-10 14:29:44,773 [INFO] CodeEngine:247 - Generated code: D:\GitHub\STM32-RTOS\RTOS V1\Core\Src\main.c
2021-07-10 14:29:46,205 [INFO] ProjectBuilder:2460 - Time for Copy HAL[1] : 581mS.
2021-07-10 14:29:46,205 [INFO] ProjectBuilder:3418 - Project Generator version: 3.13.0-B3
2021-07-10 14:29:46,637 [INFO] ConfigFileManager:1242 - The Die is : DIE415
2021-07-10 14:29:46,661 [INFO] ApiDbMcu:458 - Load IP Config File for FATFS
2021-07-10 14:29:46,686 [INFO] ApiDbMcu:458 - Load IP Config File for FREERTOS
2021-07-10 14:29:46,825 [INFO] ApiDbMcu:458 - Load IP Config File for TOUCHSENSING
2021-07-10 14:29:46,856 [INFO] ApiDbMcu:458 - Load IP Config File for USB_DEVICE
2021-07-10 14:29:46,888 [INFO] ApiDbMcu:458 - Load IP Config File for USB_HOST
2021-07-10 14:29:53,471 [INFO] ProjectBuilder:3584 - Time for Generating toolchain IDE Files: 7266mS.
2021-07-10 14:29:53,479 [INFO] ProjectBuilder:2339 - Time for Copy CMSIS : 8mS.
2021-07-10 14:29:53,479 [INFO] ProjectBuilder:2339 - Time for Copy CMSIS : 0mS.
2021-07-10 14:29:54,606 [INFO] ApiDb:276 - Save user favorites file C:\Users\haihv/.stm32cubeide/favorites.mcus.txt: 0 item(s)
2021-07-10 14:29:54,606 [INFO] ApiDb:280 - User favorites MCUs=[]
2021-07-10 14:29:54,606 [INFO] ApiDb:276 - Save user favorites file C:\Users\haihv/.stm32cubeide/favorites.boards.txt: 1 item(s)
2021-07-10 14:29:54,606 [INFO] ApiDb:280 - User favorites Boards=[NUCLEO-L476RG]
2021-07-10 14:32:07,262 [INFO] RtosManager:784 - Current active RTOS is FREERTOS [Cortex-M4NS]
2021-07-10 14:32:07,602 [ERROR] RtosPanel:542 - Can not restore the selected Tab for FREERTOS(A reason can be that the tab is no more available.)
2021-07-10 14:32:07,698 [ERROR] RtosPanel:542 - Can not restore the selected Tab for FREERTOS(A reason can be that the tab is no more available.)
2021-07-10 14:32:44,552 [INFO] TasksAndQueuesTab:742 - Dynamic
2021-07-10 14:32:44,552 [WARN] TasksAndQueuesTab:748 - 128 128
2021-07-10 14:32:44,552 [WARN] TasksAndQueuesTab:760 - max value is: 750.0
2021-07-10 14:32:49,260 [INFO] EditThreadDialog:688 - RAM SIZE (in KB): 128
2021-07-10 14:32:49,260 [INFO] EditThreadDialog:690 - RAM SIZE (in words): 32768
2021-07-10 14:33:42,129 [INFO] EditThreadDialog:688 - RAM SIZE (in KB): 128
2021-07-10 14:33:42,129 [INFO] EditThreadDialog:690 - RAM SIZE (in words): 32768
2021-07-10 14:34:20,711 [INFO] TasksAndQueuesTab:742 - Dynamic
2021-07-10 14:34:20,719 [WARN] TasksAndQueuesTab:748 - 128 128
2021-07-10 14:34:20,719 [WARN] TasksAndQueuesTab:760 - max value is: 750.0
2021-07-10 14:34:20,719 [INFO] TasksAndQueuesTab:742 - Dynamic
2021-07-10 14:34:20,719 [WARN] TasksAndQueuesTab:748 - 128 128
2021-07-10 14:34:20,719 [WARN] TasksAndQueuesTab:760 - max value is: 750.0
2021-07-10 14:34:20,938 [ERROR] RtosPanel:542 - Can not restore the selected Tab for FREERTOS(A reason can be that the tab is no more available.)
2021-07-10 14:34:25,224 [INFO] TasksAndQueuesTab:742 - Dynamic
2021-07-10 14:34:25,224 [WARN] TasksAndQueuesTab:748 - 128 128
2021-07-10 14:34:25,224 [WARN] TasksAndQueuesTab:760 - max value is: 750.0
2021-07-10 14:34:25,224 [INFO] TasksAndQueuesTab:742 - Dynamic
2021-07-10 14:34:25,224 [WARN] TasksAndQueuesTab:748 - 128 128
2021-07-10 14:34:25,224 [WARN] TasksAndQueuesTab:760 - max value is: 750.0
2021-07-10 14:36:00,482 [INFO] DbMcusDocs:143 - JSON generation date=Mon Jun 07 15:53:21 ICT 2021 (1623056001)
2021-07-10 14:36:00,906 [INFO] DbMcusDocs:79 - Found 669 MCUs documents
2021-07-10 14:38:48,838 [INFO] UtilMem:74 - End SaveConfig() Used Memory: 292371216 Bytes (888143872)
2021-07-10 14:38:55,867 [INFO] UtilMem:74 - End SaveConfig() Used Memory: 399226552 Bytes (888143872)
2021-07-10 14:38:56,503 [INFO] BlockDiagram:2735 - set Specific Code input for plugin: FREERTOS
2021-07-10 14:38:56,503 [INFO] BlockDiagram:2735 - set Specific Code input for plugin: SYS
2021-07-10 14:38:56,503 [INFO] BlockDiagram:2735 - set Specific Code input for plugin: RCC
2021-07-10 14:38:56,503 [INFO] BlockDiagram:2735 - set Specific Code input for plugin: NVIC
2021-07-10 14:38:56,503 [INFO] BlockDiagram:2735 - set Specific Code input for plugin: USART
2021-07-10 14:38:56,503 [INFO] BlockDiagram:2735 - set Specific Code input for plugin: GPIO
2021-07-10 14:38:56,503 [INFO] CodeGenerator:641 - code generatio: config db path: C:\ST\STM32CubeIDE_1.6.1\STM32CubeIDE\plugins\com.st.stm32cube.common.mx_6.2.1.202103241236\\db\
2021-07-10 14:38:57,011 [INFO] CodeEngine:229 - oldGeneratedFile, D:\GitHub\STM32-RTOS\RTOS V1\MXTmpFiles\license.tmp_save
2021-07-10 14:38:57,160 [INFO] CodeEngine:247 - Generated code: D:\GitHub\STM32-RTOS\RTOS V1\MXTmpFiles\license.tmp
2021-07-10 14:38:57,243 [INFO] CodeEngine:229 - oldGeneratedFile, D:\GitHub\STM32-RTOS\RTOS V1\MXTmpFiles\gpio.tmp_save
2021-07-10 14:38:57,376 [INFO] CodeEngine:247 - Generated code: D:\GitHub\STM32-RTOS\RTOS V1\MXTmpFiles\gpio.tmp
2021-07-10 14:38:57,795 [INFO] LogOutputStream:76 - [STDOUT_REDIRECT] Command line
2021-07-10 14:38:57,818 [INFO] Middleware:1263 - No code input for Bsp Dependency
2021-07-10 14:38:57,834 [INFO] CodeEngine:229 - oldGeneratedFile, D:\GitHub\STM32-RTOS\RTOS V1\MXTmpFiles\rtos_inc.tmp_save
2021-07-10 14:38:57,921 [INFO] CodeEngine:247 - Generated code: D:\GitHub\STM32-RTOS\RTOS V1\MXTmpFiles\rtos_inc.tmp
2021-07-10 14:38:57,938 [INFO] CodeEngine:229 - oldGeneratedFile, D:\GitHub\STM32-RTOS\RTOS V1\MXTmpFiles\rtos_vars.tmp_save
2021-07-10 14:38:58,028 [INFO] CodeEngine:247 - Generated code: D:\GitHub\STM32-RTOS\RTOS V1\MXTmpFiles\rtos_vars.tmp
2021-07-10 14:38:58,059 [INFO] CodeEngine:229 - oldGeneratedFile, D:\GitHub\STM32-RTOS\RTOS V1\MXTmpFiles\rtos_pfp.tmp_save
2021-07-10 14:38:58,144 [INFO] CodeEngine:247 - Generated code: D:\GitHub\STM32-RTOS\RTOS V1\MXTmpFiles\rtos_pfp.tmp
2021-07-10 14:38:58,159 [INFO] CodeEngine:229 - oldGeneratedFile, D:\GitHub\STM32-RTOS\RTOS V1\MXTmpFiles\rtos_obj_creat.tmp_save
2021-07-10 14:38:58,265 [INFO] CodeEngine:247 - Generated code: D:\GitHub\STM32-RTOS\RTOS V1\MXTmpFiles\rtos_obj_creat.tmp
2021-07-10 14:38:58,265 [INFO] CodeEngine:229 - oldGeneratedFile, D:\GitHub\STM32-RTOS\RTOS V1\MXTmpFiles\rtos_kernelStart.tmp_save
2021-07-10 14:38:58,346 [INFO] CodeEngine:247 - Generated code: D:\GitHub\STM32-RTOS\RTOS V1\MXTmpFiles\rtos_kernelStart.tmp
2021-07-10 14:38:58,361 [INFO] CodeEngine:229 - oldGeneratedFile, D:\GitHub\STM32-RTOS\RTOS V1\MXTmpFiles\rtos_default_thread.tmp_save
2021-07-10 14:38:58,447 [INFO] CodeEngine:247 - Generated code: D:\GitHub\STM32-RTOS\RTOS V1\MXTmpFiles\rtos_default_thread.tmp
2021-07-10 14:38:58,464 [INFO] CodeEngine:229 - oldGeneratedFile, D:\GitHub\STM32-RTOS\RTOS V1\MXTmpFiles\rtos_threads.tmp_save
2021-07-10 14:38:58,544 [INFO] CodeEngine:247 - Generated code: D:\GitHub\STM32-RTOS\RTOS V1\MXTmpFiles\rtos_threads.tmp
2021-07-10 14:38:58,552 [INFO] CodeEngine:229 - oldGeneratedFile, D:\GitHub\STM32-RTOS\RTOS V1\Core\Inc\FreeRTOSConfig.h_save
2021-07-10 14:38:58,687 [INFO] CodeEngine:247 - Generated code: D:\GitHub\STM32-RTOS\RTOS V1\Core\Inc\FreeRTOSConfig.h
2021-07-10 14:38:58,703 [INFO] CodeEngine:229 - oldGeneratedFile, D:\GitHub\STM32-RTOS\RTOS V1\Core\Src\freertos.c_save
2021-07-10 14:38:58,954 [INFO] CodeEngine:247 - Generated code: D:\GitHub\STM32-RTOS\RTOS V1\Core\Src\freertos.c
2021-07-10 14:38:58,954 [INFO] LogOutputStream:76 - [STDOUT_REDIRECT] Command line
2021-07-10 14:38:58,978 [INFO] CodeEngine:229 - oldGeneratedFile, D:\GitHub\STM32-RTOS\RTOS V1\Core\Src\stm32l4xx_it.c_save
2021-07-10 14:38:59,108 [INFO] CodeEngine:247 - Generated code: D:\GitHub\STM32-RTOS\RTOS V1\Core\Src\stm32l4xx_it.c
2021-07-10 14:38:59,124 [INFO] CodeEngine:229 - oldGeneratedFile, D:\GitHub\STM32-RTOS\RTOS V1\Core\Inc\stm32l4xx_it.h_save
2021-07-10 14:38:59,225 [INFO] CodeEngine:247 - Generated code: D:\GitHub\STM32-RTOS\RTOS V1\Core\Inc\stm32l4xx_it.h
2021-07-10 14:38:59,256 [INFO] CodeEngine:229 - oldGeneratedFile, D:\GitHub\STM32-RTOS\RTOS V1\Core\Src\stm32l4xx_hal_msp.c_save
2021-07-10 14:38:59,411 [INFO] CodeEngine:247 - Generated code: D:\GitHub\STM32-RTOS\RTOS V1\Core\Src\stm32l4xx_hal_msp.c
2021-07-10 14:38:59,411 [INFO] CodeEngine:229 - oldGeneratedFile, D:\GitHub\STM32-RTOS\RTOS V1\MXTmpFiles\system.tmp_save
2021-07-10 14:38:59,499 [INFO] CodeEngine:247 - Generated code: D:\GitHub\STM32-RTOS\RTOS V1\MXTmpFiles\system.tmp
2021-07-10 14:38:59,519 [INFO] CodeEngine:229 - oldGeneratedFile, D:\GitHub\STM32-RTOS\RTOS V1\Core\Src\stm32l4xx_hal_timebase_tim.c_save
2021-07-10 14:38:59,607 [INFO] CodeEngine:247 - Generated code: D:\GitHub\STM32-RTOS\RTOS V1\Core\Src\stm32l4xx_hal_timebase_tim.c
2021-07-10 14:38:59,632 [INFO] CodeEngine:229 - oldGeneratedFile, D:\GitHub\STM32-RTOS\RTOS V1\Core\Inc\stm32l4xx_hal_conf.h_save
2021-07-10 14:38:59,745 [INFO] CodeEngine:247 - Generated code: D:\GitHub\STM32-RTOS\RTOS V1\Core\Inc\stm32l4xx_hal_conf.h
2021-07-10 14:38:59,829 [INFO] CodeEngine:229 - oldGeneratedFile, D:\GitHub\STM32-RTOS\RTOS V1\Core\Inc\main.h_save
2021-07-10 14:38:59,946 [INFO] CodeEngine:247 - Generated code: D:\GitHub\STM32-RTOS\RTOS V1\Core\Inc\main.h
2021-07-10 14:38:59,961 [INFO] CodeEngine:229 - oldGeneratedFile, D:\GitHub\STM32-RTOS\RTOS V1\Core\Src\main.c_save
2021-07-10 14:39:00,140 [INFO] CodeEngine:247 - Generated code: D:\GitHub\STM32-RTOS\RTOS V1\Core\Src\main.c
2021-07-10 14:39:02,008 [INFO] ProjectBuilder:2460 - Time for Copy HAL[1] : 899mS.
2021-07-10 14:39:02,023 [INFO] ProjectBuilder:3418 - Project Generator version: 3.13.0-B3
2021-07-10 14:39:02,737 [INFO] ConfigFileManager:1242 - The Die is : DIE415
2021-07-10 14:39:05,358 [INFO] ProjectBuilder:3584 - Time for Generating toolchain IDE Files: 3335mS.
2021-07-10 14:39:05,358 [INFO] ProjectBuilder:2339 - Time for Copy CMSIS : 0mS.
2021-07-10 14:39:05,358 [INFO] ProjectBuilder:2339 - Time for Copy CMSIS : 0mS.
